DEBUG - 2017-06-23 16:36:57 --> UTF-8 Support Enabled
DEBUG - 2017-06-23 16:36:57 --> No URI present. Default controller set.
DEBUG - 2017-06-23 16:36:57 --> Global POST, GET and COOKIE data sanitized
DEBUG - 2017-06-23 16:36:57 --> Total execution time: 0.7163
DEBUG - 2017-06-23 16:40:28 --> UTF-8 Support Enabled
DEBUG - 2017-06-23 16:40:28 --> Global POST, GET and COOKIE data sanitized
[2017-06-23 16:40:29][DEBUG] Util::writeJsonResult => [200] {
    "F2C224D4-2BCE-4C64-AF9F-A6D872000D1A": 1,
    "error": "ERR_LOGIN_FAILED",
    "message": "请求头未包含 X-WX-Code，请配合客户端 SDK 登录后再进行请求"
}

DEBUG - 2017-06-23 16:40:29 --> Total execution time: 1.1364
DEBUG - 2017-06-23 16:46:46 --> UTF-8 Support Enabled
DEBUG - 2017-06-23 16:46:46 --> Global POST, GET and COOKIE data sanitized
[2017-06-23 16:46:46][DEBUG] Util::writeJsonResult => [200] {
    "F2C224D4-2BCE-4C64-AF9F-A6D872000D1A": 1,
    "error": "ERR_LOGIN_FAILED",
    "message": "请求头未包含 X-WX-Code，请配合客户端 SDK 登录后再进行请求"
}

DEBUG - 2017-06-23 16:46:46 --> Total execution time: 0.5156
DEBUG - 2017-06-23 16:49:30 --> UTF-8 Support Enabled
DEBUG - 2017-06-23 16:49:30 --> Global POST, GET and COOKIE data sanitized
[2017-06-23 16:49:30][DEBUG] Util::writeJsonResult => [200] {
    "F2C224D4-2BCE-4C64-AF9F-A6D872000D1A": 1,
    "error": "ERR_LOGIN_FAILED",
    "message": "请求头未包含 X-WX-Code，请配合客户端 SDK 登录后再进行请求"
}

DEBUG - 2017-06-23 16:49:30 --> Total execution time: 0.5250
DEBUG - 2017-06-23 16:49:33 --> UTF-8 Support Enabled
DEBUG - 2017-06-23 16:49:33 --> Global POST, GET and COOKIE data sanitized
[2017-06-23 16:49:33][DEBUG] Util::writeJsonResult => [200] {
    "F2C224D4-2BCE-4C64-AF9F-A6D872000D1A": 1,
    "error": "ERR_LOGIN_FAILED",
    "message": "请求头未包含 X-WX-Code，请配合客户端 SDK 登录后再进行请求"
}

DEBUG - 2017-06-23 16:49:33 --> Total execution time: 0.6628
DEBUG - 2017-06-23 16:56:58 --> UTF-8 Support Enabled
DEBUG - 2017-06-23 16:56:59 --> Global POST, GET and COOKIE data sanitized
[2017-06-23 16:56:59][DEBUG] Util::writeJsonResult => [200] {
    "F2C224D4-2BCE-4C64-AF9F-A6D872000D1A": 1,
    "error": "ERR_LOGIN_FAILED",
    "message": "请求头未包含 X-WX-Code，请配合客户端 SDK 登录后再进行请求"
}

DEBUG - 2017-06-23 16:56:59 --> Total execution time: 0.8671
DEBUG - 2017-06-23 16:56:59 --> UTF-8 Support Enabled
DEBUG - 2017-06-23 16:57:00 --> Global POST, GET and COOKIE data sanitized
ERROR - 2017-06-23 16:57:00 --> 404 Page Not Found: Faviconico/index
DEBUG - 2017-06-23 16:57:08 --> UTF-8 Support Enabled
DEBUG - 2017-06-23 16:57:08 --> Global POST, GET and COOKIE data sanitized
[2017-06-23 16:57:09][DEBUG] Util::writeJsonResult => [200] {
    "F2C224D4-2BCE-4C64-AF9F-A6D872000D1A": 1,
    "error": "ERR_LOGIN_FAILED",
    "message": "请求头未包含 X-WX-Code，请配合客户端 SDK 登录后再进行请求"
}

DEBUG - 2017-06-23 16:57:09 --> Total execution time: 0.5654
DEBUG - 2017-06-23 16:57:39 --> UTF-8 Support Enabled
DEBUG - 2017-06-23 16:57:39 --> Global POST, GET and COOKIE data sanitized
[2017-06-23 16:57:39][DEBUG] Util::writeJsonResult => [200] {
    "F2C224D4-2BCE-4C64-AF9F-A6D872000D1A": 1,
    "error": "ERR_LOGIN_FAILED",
    "message": "请求头未包含 X-WX-Code，请配合客户端 SDK 登录后再进行请求"
}

DEBUG - 2017-06-23 16:57:39 --> Total execution time: 0.6271
ERROR - 2017-06-23 17:08:49 --> $config['composer_autoload'] is set to TRUE but /vagrant/svn_projects/php-weapp-demo/application/vendor/autoload.php was not found.
DEBUG - 2017-06-23 17:08:49 --> UTF-8 Support Enabled
DEBUG - 2017-06-23 17:08:49 --> Global POST, GET and COOKIE data sanitized
[2017-06-23 17:08:50][DEBUG] Util::writeJsonResult => [200] {
    "F2C224D4-2BCE-4C64-AF9F-A6D872000D1A": 1,
    "error": "ERR_LOGIN_FAILED",
    "message": "请求头未包含 X-WX-Code，请配合客户端 SDK 登录后再进行请求"
}

DEBUG - 2017-06-23 17:08:50 --> Total execution time: 0.5004
ERROR - 2017-06-23 17:08:51 --> $config['composer_autoload'] is set to TRUE but /vagrant/svn_projects/php-weapp-demo/application/vendor/autoload.php was not found.
DEBUG - 2017-06-23 17:08:52 --> UTF-8 Support Enabled
ERROR - 2017-06-23 17:08:52 --> $config['composer_autoload'] is set to TRUE but /vagrant/svn_projects/php-weapp-demo/application/vendor/autoload.php was not found.
DEBUG - 2017-06-23 17:08:52 --> Global POST, GET and COOKIE data sanitized
ERROR - 2017-06-23 17:08:52 --> $config['composer_autoload'] is set to TRUE but /vagrant/svn_projects/php-weapp-demo/application/vendor/autoload.php was not found.
DEBUG - 2017-06-23 17:08:52 --> UTF-8 Support Enabled
ERROR - 2017-06-23 17:08:52 --> $config['composer_autoload'] is set to TRUE but /vagrant/svn_projects/php-weapp-demo/application/vendor/autoload.php was not found.
DEBUG - 2017-06-23 17:08:52 --> UTF-8 Support Enabled
DEBUG - 2017-06-23 17:08:53 --> Global POST, GET and COOKIE data sanitized
DEBUG - 2017-06-23 17:08:53 --> UTF-8 Support Enabled
[2017-06-23 17:08:53][DEBUG] Util::writeJsonResult => [200] {
    "F2C224D4-2BCE-4C64-AF9F-A6D872000D1A": 1,
    "error": "ERR_LOGIN_FAILED",
    "message": "请求头未包含 X-WX-Code，请配合客户端 SDK 登录后再进行请求"
}

DEBUG - 2017-06-23 17:08:53 --> Total execution time: 1.2254
DEBUG - 2017-06-23 17:08:53 --> Global POST, GET and COOKIE data sanitized
DEBUG - 2017-06-23 17:08:53 --> Global POST, GET and COOKIE data sanitized
[2017-06-23 17:08:53][DEBUG] Util::writeJsonResult => [200] {
    "F2C224D4-2BCE-4C64-AF9F-A6D872000D1A": 1,
    "error": "ERR_LOGIN_FAILED",
    "message": "请求头未包含 X-WX-Code，请配合客户端 SDK 登录后再进行请求"
}

DEBUG - 2017-06-23 17:08:53 --> Total execution time: 1.2613
[2017-06-23 17:08:53][DEBUG] Util::writeJsonResult => [200] {
    "F2C224D4-2BCE-4C64-AF9F-A6D872000D1A": 1,
    "error": "ERR_LOGIN_FAILED",
    "message": "请求头未包含 X-WX-Code，请配合客户端 SDK 登录后再进行请求"
}

DEBUG - 2017-06-23 17:08:53 --> Total execution time: 1.1119
[2017-06-23 17:08:53][DEBUG] Util::writeJsonResult => [200] {
    "F2C224D4-2BCE-4C64-AF9F-A6D872000D1A": 1,
    "error": "ERR_LOGIN_FAILED",
    "message": "请求头未包含 X-WX-Code，请配合客户端 SDK 登录后再进行请求"
}

DEBUG - 2017-06-23 17:08:53 --> Total execution time: 1.0038
ERROR - 2017-06-23 17:39:21 --> $config['composer_autoload'] is set to TRUE but /vagrant/svn_projects/php-weapp-demo/application/vendor/autoload.php was not found.
DEBUG - 2017-06-23 17:39:21 --> UTF-8 Support Enabled
DEBUG - 2017-06-23 17:39:21 --> Global POST, GET and COOKIE data sanitized
ERROR - 2017-06-23 17:39:21 --> 404 Page Not Found: wechat/Login/index
ERROR - 2017-06-23 17:43:20 --> $config['composer_autoload'] is set to TRUE but /vagrant/svn_projects/php-weapp-demo/application/vendor/autoload.php was not found.
DEBUG - 2017-06-23 17:43:20 --> UTF-8 Support Enabled
DEBUG - 2017-06-23 17:43:20 --> Global POST, GET and COOKIE data sanitized
ERROR - 2017-06-23 17:43:20 --> 404 Page Not Found: wechat/Login/index
ERROR - 2017-06-23 17:43:22 --> $config['composer_autoload'] is set to TRUE but /vagrant/svn_projects/php-weapp-demo/application/vendor/autoload.php was not found.
DEBUG - 2017-06-23 17:43:22 --> UTF-8 Support Enabled
DEBUG - 2017-06-23 17:43:22 --> Global POST, GET and COOKIE data sanitized
ERROR - 2017-06-23 17:43:23 --> 404 Page Not Found: wechat/Login/index
ERROR - 2017-06-23 17:43:24 --> $config['composer_autoload'] is set to TRUE but /vagrant/svn_projects/php-weapp-demo/application/vendor/autoload.php was not found.
DEBUG - 2017-06-23 17:43:24 --> UTF-8 Support Enabled
DEBUG - 2017-06-23 17:43:24 --> Global POST, GET and COOKIE data sanitized
ERROR - 2017-06-23 17:43:24 --> 404 Page Not Found: wechat/Login/index
ERROR - 2017-06-23 17:43:39 --> $config['composer_autoload'] is set to TRUE but /vagrant/svn_projects/php-weapp-demo/application/vendor/autoload.php was not found.
DEBUG - 2017-06-23 17:43:40 --> UTF-8 Support Enabled
DEBUG - 2017-06-23 17:43:40 --> Global POST, GET and COOKIE data sanitized
ERROR - 2017-06-23 17:43:40 --> 404 Page Not Found: wechat/Login/index
ERROR - 2017-06-23 17:43:42 --> $config['composer_autoload'] is set to TRUE but /vagrant/svn_projects/php-weapp-demo/application/vendor/autoload.php was not found.
DEBUG - 2017-06-23 17:43:42 --> UTF-8 Support Enabled
DEBUG - 2017-06-23 17:43:42 --> Global POST, GET and COOKIE data sanitized
ERROR - 2017-06-23 17:43:42 --> 404 Page Not Found: wechat/Login/index
ERROR - 2017-06-23 18:02:36 --> $config['composer_autoload'] is set to TRUE but /vagrant/svn_projects/php-weapp-demo/application/vendor/autoload.php was not found.
DEBUG - 2017-06-23 18:02:36 --> UTF-8 Support Enabled
DEBUG - 2017-06-23 18:02:37 --> Global POST, GET and COOKIE data sanitized
ERROR - 2017-06-23 18:02:37 --> 404 Page Not Found: /index
ERROR - 2017-06-23 18:02:41 --> $config['composer_autoload'] is set to TRUE but /vagrant/svn_projects/php-weapp-demo/application/vendor/autoload.php was not found.
DEBUG - 2017-06-23 18:02:41 --> UTF-8 Support Enabled
DEBUG - 2017-06-23 18:02:41 --> Global POST, GET and COOKIE data sanitized
[2017-06-23 18:02:42][DEBUG] Util::writeJsonResult => [200] {
    "F2C224D4-2BCE-4C64-AF9F-A6D872000D1A": 1,
    "error": "ERR_LOGIN_FAILED",
    "message": "请求头未包含 X-WX-Code，请配合客户端 SDK 登录后再进行请求"
}

DEBUG - 2017-06-23 18:02:42 --> Total execution time: 0.7474
ERROR - 2017-06-23 18:07:42 --> $config['composer_autoload'] is set to TRUE but /vagrant/svn_projects/php-weapp-demo/application/vendor/autoload.php was not found.
DEBUG - 2017-06-23 18:07:42 --> UTF-8 Support Enabled
DEBUG - 2017-06-23 18:07:42 --> Global POST, GET and COOKIE data sanitized
ERROR - 2017-06-23 18:07:42 --> Severity: Parsing Error --> syntax error, unexpected '=' /vagrant/svn_projects/php-weapp-demo/application/controllers/weapp/Upload.php 8
ERROR - 2017-06-23 18:08:01 --> $config['composer_autoload'] is set to TRUE but /vagrant/svn_projects/php-weapp-demo/application/vendor/autoload.php was not found.
DEBUG - 2017-06-23 18:08:01 --> UTF-8 Support Enabled
DEBUG - 2017-06-23 18:08:01 --> Global POST, GET and COOKIE data sanitized
ERROR - 2017-06-23 18:08:01 --> Severity: Notice --> Undefined index: file /vagrant/svn_projects/php-weapp-demo/application/controllers/weapp/Upload.php 9
ERROR - 2017-06-23 18:08:01 --> Severity: Notice --> Undefined index: filepath /vagrant/svn_projects/php-weapp-demo/application/controllers/weapp/Upload.php 10
ERROR - 2017-06-23 18:08:01 --> Severity: Notice --> Undefined index: filename /vagrant/svn_projects/php-weapp-demo/application/controllers/weapp/Upload.php 10
ERROR - 2017-06-23 18:08:01 --> Severity: Notice --> Undefined index: filepath /vagrant/svn_projects/php-weapp-demo/application/controllers/weapp/Upload.php 11
ERROR - 2017-06-23 18:08:02 --> Severity: Error --> Class 'qcloudcos\Cosapi' not found /vagrant/svn_projects/php-weapp-demo/application/controllers/weapp/Upload.php 18
ERROR - 2017-06-23 18:21:49 --> $config['composer_autoload'] is set to TRUE but /vagrant/svn_projects/php-weapp-demo/application/vendor/autoload.php was not found.
DEBUG - 2017-06-23 18:21:50 --> UTF-8 Support Enabled
DEBUG - 2017-06-23 18:21:50 --> Global POST, GET and COOKIE data sanitized
ERROR - 2017-06-23 18:21:50 --> Severity: Notice --> Undefined index: file /vagrant/svn_projects/php-weapp-demo/application/controllers/weapp/Upload.php 9
ERROR - 2017-06-23 18:21:50 --> Severity: Notice --> Undefined index: filepath /vagrant/svn_projects/php-weapp-demo/application/controllers/weapp/Upload.php 10
ERROR - 2017-06-23 18:21:50 --> Severity: Notice --> Undefined index: filename /vagrant/svn_projects/php-weapp-demo/application/controllers/weapp/Upload.php 10
ERROR - 2017-06-23 18:21:50 --> Severity: Notice --> Undefined index: filepath /vagrant/svn_projects/php-weapp-demo/application/controllers/weapp/Upload.php 11
ERROR - 2017-06-23 18:21:51 --> Severity: Error --> Class 'qcloudcos\cosapi' not found /vagrant/svn_projects/php-weapp-demo/application/controllers/weapp/Upload.php 18
ERROR - 2017-06-23 18:22:19 --> $config['composer_autoload'] is set to TRUE but /vagrant/svn_projects/php-weapp-demo/application/vendor/autoload.php was not found.
DEBUG - 2017-06-23 18:22:19 --> UTF-8 Support Enabled
DEBUG - 2017-06-23 18:22:19 --> Global POST, GET and COOKIE data sanitized
ERROR - 2017-06-23 18:22:19 --> Severity: Error --> Class 'qcloudcos\cosapi' not found /vagrant/svn_projects/php-weapp-demo/application/controllers/weapp/Upload.php 9
ERROR - 2017-06-23 18:22:42 --> $config['composer_autoload'] is set to TRUE but /vagrant/svn_projects/php-weapp-demo/application/vendor/autoload.php was not found.
DEBUG - 2017-06-23 18:22:42 --> UTF-8 Support Enabled
DEBUG - 2017-06-23 18:22:42 --> Global POST, GET and COOKIE data sanitized
ERROR - 2017-06-23 18:22:43 --> Severity: Error --> Class 'qcloudcos\cosapi' not found /vagrant/svn_projects/php-weapp-demo/application/controllers/weapp/Upload.php 9
ERROR - 2017-06-23 18:22:44 --> $config['composer_autoload'] is set to TRUE but /vagrant/svn_projects/php-weapp-demo/application/vendor/autoload.php was not found.
DEBUG - 2017-06-23 18:22:45 --> UTF-8 Support Enabled
DEBUG - 2017-06-23 18:22:45 --> Global POST, GET and COOKIE data sanitized
ERROR - 2017-06-23 18:22:45 --> Severity: Error --> Class 'qcloudcos\cosapi' not found /vagrant/svn_projects/php-weapp-demo/application/controllers/weapp/Upload.php 9
ERROR - 2017-06-23 18:31:35 --> $config['composer_autoload'] is set to TRUE but /vagrant/svn_projects/php-weapp-demo/application/vendor/autoload.php was not found.
DEBUG - 2017-06-23 18:31:36 --> UTF-8 Support Enabled
DEBUG - 2017-06-23 18:31:36 --> Global POST, GET and COOKIE data sanitized
ERROR - 2017-06-23 18:31:36 --> Severity: Notice --> Undefined index: file /vagrant/svn_projects/php-weapp-demo/application/controllers/weapp/Upload.php 9
ERROR - 2017-06-23 18:31:36 --> Severity: Notice --> Undefined index: filepath /vagrant/svn_projects/php-weapp-demo/application/controllers/weapp/Upload.php 10
ERROR - 2017-06-23 18:31:37 --> Severity: Notice --> Undefined index: filename /vagrant/svn_projects/php-weapp-demo/application/controllers/weapp/Upload.php 10
ERROR - 2017-06-23 18:31:37 --> Severity: Notice --> Undefined index: filepath /vagrant/svn_projects/php-weapp-demo/application/controllers/weapp/Upload.php 11
ERROR - 2017-06-23 18:31:37 --> Severity: Error --> Class 'qcloudcos\Cosapi' not found /vagrant/svn_projects/php-weapp-demo/application/controllers/weapp/Upload.php 18
ERROR - 2017-06-23 18:32:29 --> $config['composer_autoload'] is set to TRUE but /vagrant/svn_projects/php-weapp-demo/application/vendor/autoload.php was not found.
DEBUG - 2017-06-23 18:32:29 --> UTF-8 Support Enabled
DEBUG - 2017-06-23 18:32:29 --> Global POST, GET and COOKIE data sanitized
ERROR - 2017-06-23 18:32:29 --> Severity: Notice --> Undefined index: file /vagrant/svn_projects/php-weapp-demo/application/controllers/weapp/Upload.php 9
ERROR - 2017-06-23 18:32:29 --> Severity: Notice --> Undefined index: filepath /vagrant/svn_projects/php-weapp-demo/application/controllers/weapp/Upload.php 10
ERROR - 2017-06-23 18:32:29 --> Severity: Notice --> Undefined index: filename /vagrant/svn_projects/php-weapp-demo/application/controllers/weapp/Upload.php 10
ERROR - 2017-06-23 18:32:29 --> Severity: Notice --> Undefined index: filepath /vagrant/svn_projects/php-weapp-demo/application/controllers/weapp/Upload.php 11
ERROR - 2017-06-23 18:32:29 --> Severity: Error --> Class 'qcloudcos\Cosapi' not found /vagrant/svn_projects/php-weapp-demo/application/controllers/weapp/Upload.php 18
ERROR - 2017-06-23 18:33:53 --> $config['composer_autoload'] is set to TRUE but /vagrant/svn_projects/php-weapp-demo/application/vendor/autoload.php was not found.
DEBUG - 2017-06-23 18:33:53 --> UTF-8 Support Enabled
DEBUG - 2017-06-23 18:33:53 --> Global POST, GET and COOKIE data sanitized
ERROR - 2017-06-23 18:33:53 --> Severity: Error --> Class 'qcloudcos\Cosapi' not found /vagrant/svn_projects/php-weapp-demo/application/controllers/weapp/Upload.php 10
ERROR - 2017-06-23 18:38:16 --> Could not find the specified $config['composer_autoload'] path: /vagrant/svn_projects/php-weapp-demo/system/vendor/autoload.php
DEBUG - 2017-06-23 18:38:16 --> UTF-8 Support Enabled
DEBUG - 2017-06-23 18:38:17 --> Global POST, GET and COOKIE data sanitized
ERROR - 2017-06-23 18:38:17 --> Severity: Error --> Class 'qcloudcos\Cosapi' not found /vagrant/svn_projects/php-weapp-demo/application/controllers/weapp/Upload.php 10
ERROR - 2017-06-23 18:38:26 --> Could not find the specified $config['composer_autoload'] path: /vagrant/svn_projects/php-weapp-demo/system/vendor/autoload.php
DEBUG - 2017-06-23 18:38:26 --> UTF-8 Support Enabled
DEBUG - 2017-06-23 18:38:26 --> Global POST, GET and COOKIE data sanitized
ERROR - 2017-06-23 18:38:26 --> Severity: Error --> Class 'qcloudcos\Cosapi' not found /vagrant/svn_projects/php-weapp-demo/application/controllers/weapp/Upload.php 10
DEBUG - 2017-06-23 18:41:33 --> UTF-8 Support Enabled
DEBUG - 2017-06-23 18:41:33 --> Global POST, GET and COOKIE data sanitized
ERROR - 2017-06-23 18:41:33 --> Severity: Error --> Class 'qcloudcos\Cosapi' not found /vagrant/svn_projects/php-weapp-demo/application/controllers/weapp/Upload.php 10
DEBUG - 2017-06-23 18:41:37 --> UTF-8 Support Enabled
DEBUG - 2017-06-23 18:41:37 --> Global POST, GET and COOKIE data sanitized
ERROR - 2017-06-23 18:41:37 --> Severity: Error --> Class 'qcloudcos\Cosapi' not found /vagrant/svn_projects/php-weapp-demo/application/controllers/weapp/Upload.php 10
DEBUG - 2017-06-23 18:44:04 --> UTF-8 Support Enabled
DEBUG - 2017-06-23 18:44:04 --> Global POST, GET and COOKIE data sanitized
ERROR - 2017-06-23 18:44:05 --> Severity: Error --> Class 'qcloudcos\Cosapi' not found /vagrant/svn_projects/php-weapp-demo/application/controllers/weapp/Upload.php 10
DEBUG - 2017-06-23 18:45:07 --> UTF-8 Support Enabled
DEBUG - 2017-06-23 18:45:07 --> Global POST, GET and COOKIE data sanitized
ERROR - 2017-06-23 18:45:07 --> Severity: Error --> Class 'qcloudcos\Cosapi' not found /vagrant/svn_projects/php-weapp-demo/application/controllers/weapp/Upload.php 10
DEBUG - 2017-06-23 18:45:08 --> UTF-8 Support Enabled
DEBUG - 2017-06-23 18:45:08 --> Global POST, GET and COOKIE data sanitized
ERROR - 2017-06-23 18:45:08 --> Severity: Error --> Class 'qcloudcos\Cosapi' not found /vagrant/svn_projects/php-weapp-demo/application/controllers/weapp/Upload.php 10
DEBUG - 2017-06-23 18:45:09 --> UTF-8 Support Enabled
DEBUG - 2017-06-23 18:45:09 --> Global POST, GET and COOKIE data sanitized
ERROR - 2017-06-23 18:45:09 --> Severity: Error --> Class 'qcloudcos\Cosapi' not found /vagrant/svn_projects/php-weapp-demo/application/controllers/weapp/Upload.php 10
DEBUG - 2017-06-23 18:45:10 --> UTF-8 Support Enabled
DEBUG - 2017-06-23 18:45:10 --> Global POST, GET and COOKIE data sanitized
ERROR - 2017-06-23 18:45:10 --> Severity: Error --> Class 'qcloudcos\Cosapi' not found /vagrant/svn_projects/php-weapp-demo/application/controllers/weapp/Upload.php 10
DEBUG - 2017-06-23 18:45:11 --> UTF-8 Support Enabled
DEBUG - 2017-06-23 18:45:11 --> UTF-8 Support Enabled
DEBUG - 2017-06-23 18:45:11 --> Global POST, GET and COOKIE data sanitized
DEBUG - 2017-06-23 18:45:12 --> UTF-8 Support Enabled
ERROR - 2017-06-23 18:45:12 --> Severity: Error --> Class 'qcloudcos\Cosapi' not found /vagrant/svn_projects/php-weapp-demo/application/controllers/weapp/Upload.php 10
DEBUG - 2017-06-23 18:45:12 --> Global POST, GET and COOKIE data sanitized
DEBUG - 2017-06-23 18:45:12 --> UTF-8 Support Enabled
DEBUG - 2017-06-23 18:45:12 --> UTF-8 Support Enabled
DEBUG - 2017-06-23 18:45:12 --> Global POST, GET and COOKIE data sanitized
ERROR - 2017-06-23 18:45:12 --> Severity: Error --> Class 'qcloudcos\Cosapi' not found /vagrant/svn_projects/php-weapp-demo/application/controllers/weapp/Upload.php 10
DEBUG - 2017-06-23 18:45:12 --> Global POST, GET and COOKIE data sanitized
DEBUG - 2017-06-23 18:45:12 --> Global POST, GET and COOKIE data sanitized
ERROR - 2017-06-23 18:45:12 --> Severity: Error --> Class 'qcloudcos\Cosapi' not found /vagrant/svn_projects/php-weapp-demo/application/controllers/weapp/Upload.php 10
ERROR - 2017-06-23 18:45:13 --> Severity: Error --> Class 'qcloudcos\Cosapi' not found /vagrant/svn_projects/php-weapp-demo/application/controllers/weapp/Upload.php 10
ERROR - 2017-06-23 18:45:13 --> Severity: Error --> Class 'qcloudcos\Cosapi' not found /vagrant/svn_projects/php-weapp-demo/application/controllers/weapp/Upload.php 10
