DEBUG - 2017-01-18 16:32:03 --> UTF-8 Support Enabled
DEBUG - 2017-01-18 16:32:03 --> No URI present. Default controller set.
DEBUG - 2017-01-18 16:32:03 --> Global POST, GET and COOKIE data sanitized
DEBUG - 2017-01-18 16:32:03 --> Total execution time: 0.0618
DEBUG - 2017-01-18 16:32:26 --> UTF-8 Support Enabled
DEBUG - 2017-01-18 16:32:26 --> Global POST, GET and COOKIE data sanitized
ERROR - 2017-01-18 16:32:26 --> 404 Page Not Found: Robotstxt/index
DEBUG - 2017-01-18 16:32:27 --> UTF-8 Support Enabled
DEBUG - 2017-01-18 16:32:27 --> No URI present. Default controller set.
DEBUG - 2017-01-18 16:32:27 --> Global POST, GET and COOKIE data sanitized
DEBUG - 2017-01-18 16:32:27 --> Total execution time: 0.0123
DEBUG - 2017-01-18 16:32:29 --> UTF-8 Support Enabled
DEBUG - 2017-01-18 16:32:29 --> Global POST, GET and COOKIE data sanitized
ERROR - 2017-01-18 16:32:29 --> 404 Page Not Found: Test_404_page/index
DEBUG - 2017-01-18 16:32:30 --> UTF-8 Support Enabled
DEBUG - 2017-01-18 16:32:30 --> Global POST, GET and COOKIE data sanitized
ERROR - 2017-01-18 16:32:30 --> 404 Page Not Found: Issmall/index
DEBUG - 2017-01-18 16:32:32 --> UTF-8 Support Enabled
DEBUG - 2017-01-18 16:32:32 --> Global POST, GET and COOKIE data sanitized
ERROR - 2017-01-18 16:32:32 --> 404 Page Not Found: Administrator/manifests
DEBUG - 2017-01-18 16:32:36 --> UTF-8 Support Enabled
DEBUG - 2017-01-18 16:32:36 --> Global POST, GET and COOKIE data sanitized
ERROR - 2017-01-18 16:32:36 --> 404 Page Not Found: Fckeditor/fckconfig.js
DEBUG - 2017-01-18 16:32:38 --> UTF-8 Support Enabled
DEBUG - 2017-01-18 16:32:38 --> Global POST, GET and COOKIE data sanitized
ERROR - 2017-01-18 16:32:38 --> 404 Page Not Found: Fckeditor/editor
DEBUG - 2017-01-18 16:32:40 --> UTF-8 Support Enabled
DEBUG - 2017-01-18 16:32:40 --> Global POST, GET and COOKIE data sanitized
ERROR - 2017-01-18 16:32:40 --> 404 Page Not Found: Fckeditor/license.txt
DEBUG - 2017-01-18 16:32:41 --> UTF-8 Support Enabled
DEBUG - 2017-01-18 16:32:41 --> Global POST, GET and COOKIE data sanitized
ERROR - 2017-01-18 16:32:41 --> 404 Page Not Found: Fckeditor/editor
DEBUG - 2017-01-18 16:32:43 --> UTF-8 Support Enabled
DEBUG - 2017-01-18 16:32:43 --> Global POST, GET and COOKIE data sanitized
ERROR - 2017-01-18 16:32:43 --> 404 Page Not Found: Fckeditor/fckeditor.js
DEBUG - 2017-01-18 16:32:47 --> UTF-8 Support Enabled
DEBUG - 2017-01-18 16:32:47 --> Global POST, GET and COOKIE data sanitized
ERROR - 2017-01-18 16:32:47 --> 404 Page Not Found: FCK/editor
DEBUG - 2017-01-18 16:32:50 --> UTF-8 Support Enabled
DEBUG - 2017-01-18 16:32:50 --> Global POST, GET and COOKIE data sanitized
ERROR - 2017-01-18 16:32:50 --> 404 Page Not Found: FCK/fckeditor.js
DEBUG - 2017-01-18 16:32:52 --> UTF-8 Support Enabled
DEBUG - 2017-01-18 16:32:52 --> Global POST, GET and COOKIE data sanitized
ERROR - 2017-01-18 16:32:52 --> 404 Page Not Found: Fckeditorjs/index
DEBUG - 2017-01-18 16:32:53 --> UTF-8 Support Enabled
DEBUG - 2017-01-18 16:32:53 --> Global POST, GET and COOKIE data sanitized
ERROR - 2017-01-18 16:32:53 --> 404 Page Not Found: Editor/js
DEBUG - 2017-01-18 16:32:55 --> UTF-8 Support Enabled
DEBUG - 2017-01-18 16:32:55 --> Global POST, GET and COOKIE data sanitized
ERROR - 2017-01-18 16:32:55 --> 404 Page Not Found: Docs/index
DEBUG - 2017-01-18 16:32:57 --> UTF-8 Support Enabled
DEBUG - 2017-01-18 16:32:57 --> Global POST, GET and COOKIE data sanitized
ERROR - 2017-01-18 16:32:57 --> 404 Page Not Found: Ckeditor/ckeditor.js
DEBUG - 2017-01-18 16:32:58 --> UTF-8 Support Enabled
DEBUG - 2017-01-18 16:32:58 --> Global POST, GET and COOKIE data sanitized
ERROR - 2017-01-18 16:32:58 --> 404 Page Not Found: Docscss/index
DEBUG - 2017-01-18 16:33:00 --> UTF-8 Support Enabled
DEBUG - 2017-01-18 16:33:00 --> Global POST, GET and COOKIE data sanitized
ERROR - 2017-01-18 16:33:00 --> 404 Page Not Found: Phpmyadmin/themes
DEBUG - 2017-01-18 16:33:02 --> UTF-8 Support Enabled
DEBUG - 2017-01-18 16:33:02 --> Global POST, GET and COOKIE data sanitized
ERROR - 2017-01-18 16:33:02 --> 404 Page Not Found: Phpmyadmin/favicon.ico
DEBUG - 2017-01-18 16:33:04 --> UTF-8 Support Enabled
DEBUG - 2017-01-18 16:33:04 --> Global POST, GET and COOKIE data sanitized
ERROR - 2017-01-18 16:33:04 --> 404 Page Not Found: Phpmyadmin/docs.css
DEBUG - 2017-01-18 16:33:06 --> UTF-8 Support Enabled
DEBUG - 2017-01-18 16:33:06 --> No URI present. Default controller set.
DEBUG - 2017-01-18 16:33:06 --> Global POST, GET and COOKIE data sanitized
DEBUG - 2017-01-18 16:33:06 --> Total execution time: 0.0085
DEBUG - 2017-01-18 16:33:08 --> UTF-8 Support Enabled
DEBUG - 2017-01-18 16:33:08 --> Global POST, GET and COOKIE data sanitized
ERROR - 2017-01-18 16:33:08 --> 404 Page Not Found: Tpl/user
DEBUG - 2017-01-18 16:33:12 --> UTF-8 Support Enabled
DEBUG - 2017-01-18 16:33:13 --> Global POST, GET and COOKIE data sanitized
ERROR - 2017-01-18 16:33:13 --> 404 Page Not Found: Faviconico/index
DEBUG - 2017-01-18 16:33:14 --> UTF-8 Support Enabled
DEBUG - 2017-01-18 16:33:14 --> Global POST, GET and COOKIE data sanitized
ERROR - 2017-01-18 16:33:14 --> 404 Page Not Found: Images/login
DEBUG - 2017-01-18 16:33:16 --> UTF-8 Support Enabled
DEBUG - 2017-01-18 16:33:16 --> Global POST, GET and COOKIE data sanitized
ERROR - 2017-01-18 16:33:16 --> 404 Page Not Found: Images/login
DEBUG - 2017-01-18 16:33:18 --> UTF-8 Support Enabled
DEBUG - 2017-01-18 16:33:18 --> Global POST, GET and COOKIE data sanitized
ERROR - 2017-01-18 16:33:18 --> 404 Page Not Found: Tpl/login
DEBUG - 2017-01-18 16:33:20 --> UTF-8 Support Enabled
DEBUG - 2017-01-18 16:33:20 --> Global POST, GET and COOKIE data sanitized
ERROR - 2017-01-18 16:33:20 --> 404 Page Not Found: Images/login
DEBUG - 2017-01-18 16:33:22 --> UTF-8 Support Enabled
DEBUG - 2017-01-18 16:33:22 --> Global POST, GET and COOKIE data sanitized
ERROR - 2017-01-18 16:33:22 --> 404 Page Not Found: New_gb/help
DEBUG - 2017-01-18 16:33:24 --> UTF-8 Support Enabled
DEBUG - 2017-01-18 16:33:24 --> Global POST, GET and COOKIE data sanitized
ERROR - 2017-01-18 16:33:24 --> 404 Page Not Found: Web2/login_template
DEBUG - 2017-01-18 16:33:26 --> UTF-8 Support Enabled
DEBUG - 2017-01-18 16:33:26 --> Global POST, GET and COOKIE data sanitized
ERROR - 2017-01-18 16:33:26 --> 404 Page Not Found: Ckfinder/ckfinder.html
DEBUG - 2017-01-18 16:33:29 --> UTF-8 Support Enabled
DEBUG - 2017-01-18 16:33:29 --> Global POST, GET and COOKIE data sanitized
ERROR - 2017-01-18 16:33:29 --> 404 Page Not Found: Ckfinder/install.txt
DEBUG - 2017-01-18 16:33:30 --> UTF-8 Support Enabled
DEBUG - 2017-01-18 16:33:30 --> Global POST, GET and COOKIE data sanitized
ERROR - 2017-01-18 16:33:30 --> 404 Page Not Found: Ckeditor/ckfinder
DEBUG - 2017-01-18 16:33:32 --> UTF-8 Support Enabled
DEBUG - 2017-01-18 16:33:32 --> Global POST, GET and COOKIE data sanitized
ERROR - 2017-01-18 16:33:32 --> 404 Page Not Found: Ckeditor/ckfinder
DEBUG - 2017-01-18 16:33:33 --> UTF-8 Support Enabled
DEBUG - 2017-01-18 16:33:33 --> Global POST, GET and COOKIE data sanitized
ERROR - 2017-01-18 16:33:33 --> 404 Page Not Found: Common/help
DEBUG - 2017-01-18 16:33:35 --> UTF-8 Support Enabled
DEBUG - 2017-01-18 16:33:35 --> Global POST, GET and COOKIE data sanitized
ERROR - 2017-01-18 16:33:35 --> 404 Page Not Found: Common/help
DEBUG - 2017-01-18 16:33:36 --> UTF-8 Support Enabled
DEBUG - 2017-01-18 16:33:36 --> Global POST, GET and COOKIE data sanitized
ERROR - 2017-01-18 16:33:36 --> 404 Page Not Found: Coremail/common
DEBUG - 2017-01-18 16:33:38 --> UTF-8 Support Enabled
DEBUG - 2017-01-18 16:33:38 --> Global POST, GET and COOKIE data sanitized
ERROR - 2017-01-18 16:33:38 --> 404 Page Not Found: Coremail/common
DEBUG - 2017-01-18 16:33:40 --> UTF-8 Support Enabled
DEBUG - 2017-01-18 16:33:40 --> Global POST, GET and COOKIE data sanitized
ERROR - 2017-01-18 16:33:40 --> 404 Page Not Found: E/master
DEBUG - 2017-01-18 16:33:41 --> UTF-8 Support Enabled
DEBUG - 2017-01-18 16:33:41 --> Global POST, GET and COOKIE data sanitized
ERROR - 2017-01-18 16:33:41 --> 404 Page Not Found: Master/login.aspx
DEBUG - 2017-01-18 16:33:43 --> UTF-8 Support Enabled
DEBUG - 2017-01-18 16:33:43 --> Global POST, GET and COOKIE data sanitized
ERROR - 2017-01-18 16:33:43 --> 404 Page Not Found: Admin/index
DEBUG - 2017-01-18 16:33:46 --> UTF-8 Support Enabled
DEBUG - 2017-01-18 16:33:46 --> Global POST, GET and COOKIE data sanitized
ERROR - 2017-01-18 16:33:46 --> 404 Page Not Found: Admin/template
DEBUG - 2017-01-18 16:33:49 --> UTF-8 Support Enabled
DEBUG - 2017-01-18 16:33:49 --> Global POST, GET and COOKIE data sanitized
ERROR - 2017-01-18 16:33:49 --> 404 Page Not Found: Auth/login
DEBUG - 2017-01-18 16:33:51 --> UTF-8 Support Enabled
DEBUG - 2017-01-18 16:33:51 --> Global POST, GET and COOKIE data sanitized
ERROR - 2017-01-18 16:33:51 --> 404 Page Not Found: Licensetxt/index
DEBUG - 2017-01-18 16:33:53 --> UTF-8 Support Enabled
DEBUG - 2017-01-18 16:33:53 --> Global POST, GET and COOKIE data sanitized
ERROR - 2017-01-18 16:33:53 --> 404 Page Not Found: Images/login
DEBUG - 2017-01-18 16:33:54 --> UTF-8 Support Enabled
DEBUG - 2017-01-18 16:33:54 --> Global POST, GET and COOKIE data sanitized
ERROR - 2017-01-18 16:33:54 --> 404 Page Not Found: Images/login
DEBUG - 2017-01-18 16:33:59 --> UTF-8 Support Enabled
DEBUG - 2017-01-18 16:33:59 --> Global POST, GET and COOKIE data sanitized
ERROR - 2017-01-18 16:33:59 --> 404 Page Not Found: Images/login
DEBUG - 2017-01-18 16:34:01 --> UTF-8 Support Enabled
DEBUG - 2017-01-18 16:34:01 --> Global POST, GET and COOKIE data sanitized
ERROR - 2017-01-18 16:34:01 --> 404 Page Not Found: Next/img
DEBUG - 2017-01-18 16:34:03 --> UTF-8 Support Enabled
DEBUG - 2017-01-18 16:34:03 --> Global POST, GET and COOKIE data sanitized
ERROR - 2017-01-18 16:34:03 --> 404 Page Not Found: Maintloginjsp/index
DEBUG - 2017-01-18 16:34:06 --> UTF-8 Support Enabled
DEBUG - 2017-01-18 16:34:06 --> Global POST, GET and COOKIE data sanitized
ERROR - 2017-01-18 16:34:06 --> 404 Page Not Found: Dialog/dialog.js
DEBUG - 2017-01-18 16:34:08 --> UTF-8 Support Enabled
DEBUG - 2017-01-18 16:34:08 --> Global POST, GET and COOKIE data sanitized
ERROR - 2017-01-18 16:34:08 --> 404 Page Not Found: Editorjs/index
DEBUG - 2017-01-18 16:34:10 --> UTF-8 Support Enabled
DEBUG - 2017-01-18 16:34:10 --> Global POST, GET and COOKIE data sanitized
ERROR - 2017-01-18 16:34:10 --> 404 Page Not Found: Images/2_11.gif
DEBUG - 2017-01-18 16:34:12 --> UTF-8 Support Enabled
DEBUG - 2017-01-18 16:34:12 --> Global POST, GET and COOKIE data sanitized
ERROR - 2017-01-18 16:34:12 --> 404 Page Not Found: Js/buttons.js
DEBUG - 2017-01-18 16:34:14 --> UTF-8 Support Enabled
DEBUG - 2017-01-18 16:34:14 --> Global POST, GET and COOKIE data sanitized
ERROR - 2017-01-18 16:34:14 --> 404 Page Not Found: Admin/js
DEBUG - 2017-01-18 16:34:16 --> UTF-8 Support Enabled
DEBUG - 2017-01-18 16:34:16 --> Global POST, GET and COOKIE data sanitized
ERROR - 2017-01-18 16:34:16 --> 404 Page Not Found: Ids/admin
DEBUG - 2017-01-18 16:34:18 --> UTF-8 Support Enabled
DEBUG - 2017-01-18 16:34:18 --> Global POST, GET and COOKIE data sanitized
ERROR - 2017-01-18 16:34:18 --> 404 Page Not Found: Ids/admin
DEBUG - 2017-01-18 16:34:19 --> UTF-8 Support Enabled
DEBUG - 2017-01-18 16:34:19 --> Global POST, GET and COOKIE data sanitized
ERROR - 2017-01-18 16:34:19 --> 404 Page Not Found: CuteSoft_Client/CuteEditor
DEBUG - 2017-01-18 16:34:21 --> UTF-8 Support Enabled
DEBUG - 2017-01-18 16:34:21 --> Global POST, GET and COOKIE data sanitized
ERROR - 2017-01-18 16:34:21 --> 404 Page Not Found: CuteSoft_Client/CuteEditor
DEBUG - 2017-01-18 16:34:26 --> UTF-8 Support Enabled
DEBUG - 2017-01-18 16:34:26 --> Global POST, GET and COOKIE data sanitized
ERROR - 2017-01-18 16:34:26 --> 404 Page Not Found: CuteSoft_Client/CuteEditor
DEBUG - 2017-01-18 16:34:27 --> UTF-8 Support Enabled
DEBUG - 2017-01-18 16:34:27 --> Global POST, GET and COOKIE data sanitized
ERROR - 2017-01-18 16:34:27 --> 404 Page Not Found: CuteSoft_Client/CuteEditor
DEBUG - 2017-01-18 16:34:33 --> UTF-8 Support Enabled
DEBUG - 2017-01-18 16:34:33 --> Global POST, GET and COOKIE data sanitized
ERROR - 2017-01-18 16:34:33 --> 404 Page Not Found: Indexcgi/index
DEBUG - 2017-01-18 16:34:35 --> UTF-8 Support Enabled
DEBUG - 2017-01-18 16:34:35 --> Global POST, GET and COOKIE data sanitized
ERROR - 2017-01-18 16:34:35 --> 404 Page Not Found: Cgi/index.cgi
DEBUG - 2017-01-18 16:34:37 --> UTF-8 Support Enabled
DEBUG - 2017-01-18 16:34:37 --> Global POST, GET and COOKIE data sanitized
ERROR - 2017-01-18 16:34:37 --> 404 Page Not Found: Default/images
DEBUG - 2017-01-18 16:34:39 --> UTF-8 Support Enabled
DEBUG - 2017-01-18 16:34:39 --> Global POST, GET and COOKIE data sanitized
ERROR - 2017-01-18 16:34:39 --> 404 Page Not Found: Extman/default
DEBUG - 2017-01-18 16:34:45 --> UTF-8 Support Enabled
DEBUG - 2017-01-18 16:34:45 --> No URI present. Default controller set.
DEBUG - 2017-01-18 16:34:45 --> Global POST, GET and COOKIE data sanitized
DEBUG - 2017-01-18 16:34:45 --> Total execution time: 0.0088
DEBUG - 2017-01-18 16:34:49 --> UTF-8 Support Enabled
DEBUG - 2017-01-18 16:34:49 --> No URI present. Default controller set.
DEBUG - 2017-01-18 16:34:49 --> Global POST, GET and COOKIE data sanitized
DEBUG - 2017-01-18 16:34:49 --> Total execution time: 0.0120
DEBUG - 2017-01-18 16:34:50 --> UTF-8 Support Enabled
DEBUG - 2017-01-18 16:34:50 --> No URI present. Default controller set.
DEBUG - 2017-01-18 16:34:50 --> Global POST, GET and COOKIE data sanitized
DEBUG - 2017-01-18 16:34:50 --> Total execution time: 0.0100
DEBUG - 2017-01-18 16:34:51 --> UTF-8 Support Enabled
DEBUG - 2017-01-18 16:34:51 --> No URI present. Default controller set.
DEBUG - 2017-01-18 16:34:51 --> Global POST, GET and COOKIE data sanitized
DEBUG - 2017-01-18 16:34:51 --> Total execution time: 0.0091
DEBUG - 2017-01-18 16:34:53 --> UTF-8 Support Enabled
DEBUG - 2017-01-18 16:34:53 --> Global POST, GET and COOKIE data sanitized
ERROR - 2017-01-18 16:34:53 --> 404 Page Not Found: Siteserver/upgrade
DEBUG - 2017-01-18 16:34:54 --> UTF-8 Support Enabled
DEBUG - 2017-01-18 16:34:54 --> Global POST, GET and COOKIE data sanitized
ERROR - 2017-01-18 16:34:54 --> 404 Page Not Found: Siteserver/login.aspx
DEBUG - 2017-01-18 16:34:55 --> UTF-8 Support Enabled
DEBUG - 2017-01-18 16:34:55 --> Global POST, GET and COOKIE data sanitized
ERROR - 2017-01-18 16:34:55 --> 404 Page Not Found: UserCenter/css
DEBUG - 2017-01-18 16:34:57 --> UTF-8 Support Enabled
DEBUG - 2017-01-18 16:34:57 --> Global POST, GET and COOKIE data sanitized
ERROR - 2017-01-18 16:34:57 --> 404 Page Not Found: Admin/inc
DEBUG - 2017-01-18 16:34:59 --> UTF-8 Support Enabled
DEBUG - 2017-01-18 16:34:59 --> Global POST, GET and COOKIE data sanitized
ERROR - 2017-01-18 16:34:59 --> 404 Page Not Found: Images/default
DEBUG - 2017-01-18 16:35:00 --> UTF-8 Support Enabled
DEBUG - 2017-01-18 16:35:00 --> Global POST, GET and COOKIE data sanitized
ERROR - 2017-01-18 16:35:00 --> 404 Page Not Found: Images/hwem.css
DEBUG - 2017-01-18 16:35:02 --> UTF-8 Support Enabled
DEBUG - 2017-01-18 16:35:02 --> Global POST, GET and COOKIE data sanitized
ERROR - 2017-01-18 16:35:02 --> 404 Page Not Found: Help/ch_gb
DEBUG - 2017-01-18 16:35:05 --> UTF-8 Support Enabled
DEBUG - 2017-01-18 16:35:05 --> Global POST, GET and COOKIE data sanitized
ERROR - 2017-01-18 16:35:05 --> 404 Page Not Found: Default/css
DEBUG - 2017-01-18 16:35:06 --> UTF-8 Support Enabled
DEBUG - 2017-01-18 16:35:06 --> Global POST, GET and COOKIE data sanitized
ERROR - 2017-01-18 16:35:06 --> 404 Page Not Found: Admin/SouthidcEditor
DEBUG - 2017-01-18 16:35:07 --> UTF-8 Support Enabled
DEBUG - 2017-01-18 16:35:07 --> Global POST, GET and COOKIE data sanitized
ERROR - 2017-01-18 16:35:07 --> 404 Page Not Found: Admin/SouthidcEditor
DEBUG - 2017-01-18 16:35:09 --> UTF-8 Support Enabled
DEBUG - 2017-01-18 16:35:09 --> Global POST, GET and COOKIE data sanitized
ERROR - 2017-01-18 16:35:09 --> 404 Page Not Found: Admin/SouthidcEditor
DEBUG - 2017-01-18 16:35:10 --> UTF-8 Support Enabled
DEBUG - 2017-01-18 16:35:10 --> Global POST, GET and COOKIE data sanitized
ERROR - 2017-01-18 16:35:10 --> 404 Page Not Found: App/login.jsp
DEBUG - 2017-01-18 16:35:11 --> UTF-8 Support Enabled
DEBUG - 2017-01-18 16:35:11 --> Global POST, GET and COOKIE data sanitized
ERROR - 2017-01-18 16:35:11 --> 404 Page Not Found: App/js
DEBUG - 2017-01-18 16:35:13 --> UTF-8 Support Enabled
DEBUG - 2017-01-18 16:35:13 --> Global POST, GET and COOKIE data sanitized
ERROR - 2017-01-18 16:35:13 --> 404 Page Not Found: Console/js
DEBUG - 2017-01-18 16:35:14 --> UTF-8 Support Enabled
DEBUG - 2017-01-18 16:35:14 --> Global POST, GET and COOKIE data sanitized
ERROR - 2017-01-18 16:35:14 --> 404 Page Not Found: Console/include
DEBUG - 2017-01-18 16:35:15 --> UTF-8 Support Enabled
DEBUG - 2017-01-18 16:35:15 --> Global POST, GET and COOKIE data sanitized
ERROR - 2017-01-18 16:35:15 --> 404 Page Not Found: Console/auth
DEBUG - 2017-01-18 16:35:16 --> UTF-8 Support Enabled
DEBUG - 2017-01-18 16:35:16 --> Global POST, GET and COOKIE data sanitized
ERROR - 2017-01-18 16:35:16 --> 404 Page Not Found: Console/js
DEBUG - 2017-01-18 16:35:18 --> UTF-8 Support Enabled
DEBUG - 2017-01-18 16:35:18 --> Global POST, GET and COOKIE data sanitized
ERROR - 2017-01-18 16:35:18 --> 404 Page Not Found: App/images
DEBUG - 2017-01-18 16:35:19 --> UTF-8 Support Enabled
DEBUG - 2017-01-18 16:35:19 --> Global POST, GET and COOKIE data sanitized
ERROR - 2017-01-18 16:35:19 --> 404 Page Not Found: App/images
DEBUG - 2017-01-18 16:35:21 --> UTF-8 Support Enabled
DEBUG - 2017-01-18 16:35:21 --> Global POST, GET and COOKIE data sanitized
ERROR - 2017-01-18 16:35:21 --> 404 Page Not Found: App/home
DEBUG - 2017-01-18 16:35:22 --> UTF-8 Support Enabled
DEBUG - 2017-01-18 16:35:22 --> Global POST, GET and COOKIE data sanitized
ERROR - 2017-01-18 16:35:22 --> 404 Page Not Found: Images/login9
DEBUG - 2017-01-18 16:35:23 --> UTF-8 Support Enabled
DEBUG - 2017-01-18 16:35:23 --> Global POST, GET and COOKIE data sanitized
ERROR - 2017-01-18 16:35:23 --> 404 Page Not Found: Addons/theme
DEBUG - 2017-01-18 16:35:24 --> UTF-8 Support Enabled
DEBUG - 2017-01-18 16:35:24 --> Global POST, GET and COOKIE data sanitized
ERROR - 2017-01-18 16:35:24 --> 404 Page Not Found: Apps/admin
DEBUG - 2017-01-18 16:35:26 --> UTF-8 Support Enabled
DEBUG - 2017-01-18 16:35:26 --> Global POST, GET and COOKIE data sanitized
ERROR - 2017-01-18 16:35:26 --> 404 Page Not Found: Addons/theme
DEBUG - 2017-01-18 16:35:27 --> UTF-8 Support Enabled
DEBUG - 2017-01-18 16:35:27 --> Global POST, GET and COOKIE data sanitized
ERROR - 2017-01-18 16:35:27 --> 404 Page Not Found: Addons/theme
DEBUG - 2017-01-18 16:35:28 --> UTF-8 Support Enabled
DEBUG - 2017-01-18 16:35:28 --> Global POST, GET and COOKIE data sanitized
ERROR - 2017-01-18 16:35:28 --> 404 Page Not Found: Helpnew/faq
DEBUG - 2017-01-18 16:35:30 --> UTF-8 Support Enabled
DEBUG - 2017-01-18 16:35:30 --> Global POST, GET and COOKIE data sanitized
ERROR - 2017-01-18 16:35:30 --> 404 Page Not Found: Ymail/images
DEBUG - 2017-01-18 16:35:31 --> UTF-8 Support Enabled
DEBUG - 2017-01-18 16:35:31 --> Global POST, GET and COOKIE data sanitized
ERROR - 2017-01-18 16:35:31 --> 404 Page Not Found: Advfile/ad12.js
DEBUG - 2017-01-18 16:35:32 --> UTF-8 Support Enabled
DEBUG - 2017-01-18 16:35:32 --> Global POST, GET and COOKIE data sanitized
ERROR - 2017-01-18 16:35:32 --> 404 Page Not Found: READMEtxt/index
DEBUG - 2017-01-18 16:35:34 --> UTF-8 Support Enabled
DEBUG - 2017-01-18 16:35:34 --> Global POST, GET and COOKIE data sanitized
ERROR - 2017-01-18 16:35:34 --> 404 Page Not Found: Pub/guiedit
DEBUG - 2017-01-18 16:35:37 --> UTF-8 Support Enabled
DEBUG - 2017-01-18 16:35:37 --> Global POST, GET and COOKIE data sanitized
ERROR - 2017-01-18 16:35:37 --> 404 Page Not Found: Pub/skins
DEBUG - 2017-01-18 16:35:38 --> UTF-8 Support Enabled
DEBUG - 2017-01-18 16:35:38 --> Global POST, GET and COOKIE data sanitized
ERROR - 2017-01-18 16:35:38 --> 404 Page Not Found: Docs/DOCUMENTATION.txt
DEBUG - 2017-01-18 16:35:40 --> UTF-8 Support Enabled
DEBUG - 2017-01-18 16:35:40 --> Global POST, GET and COOKIE data sanitized
ERROR - 2017-01-18 16:35:40 --> 404 Page Not Found: Skin/frontend
DEBUG - 2017-01-18 16:35:41 --> UTF-8 Support Enabled
DEBUG - 2017-01-18 16:35:41 --> Global POST, GET and COOKIE data sanitized
ERROR - 2017-01-18 16:35:41 --> 404 Page Not Found: Wq_StranJFjs/index
DEBUG - 2017-01-18 16:35:42 --> UTF-8 Support Enabled
DEBUG - 2017-01-18 16:35:42 --> Global POST, GET and COOKIE data sanitized
ERROR - 2017-01-18 16:35:42 --> 404 Page Not Found: Admin/login.asp
DEBUG - 2017-01-18 16:35:43 --> UTF-8 Support Enabled
DEBUG - 2017-01-18 16:35:43 --> Global POST, GET and COOKIE data sanitized
ERROR - 2017-01-18 16:35:43 --> 404 Page Not Found: Install/index
DEBUG - 2017-01-18 16:35:46 --> UTF-8 Support Enabled
DEBUG - 2017-01-18 16:35:46 --> Global POST, GET and COOKIE data sanitized
ERROR - 2017-01-18 16:35:46 --> 404 Page Not Found: Template/1
DEBUG - 2017-01-18 16:35:47 --> UTF-8 Support Enabled
DEBUG - 2017-01-18 16:35:47 --> Global POST, GET and COOKIE data sanitized
ERROR - 2017-01-18 16:35:47 --> 404 Page Not Found: Back/scripts
DEBUG - 2017-01-18 16:35:49 --> UTF-8 Support Enabled
DEBUG - 2017-01-18 16:35:49 --> Global POST, GET and COOKIE data sanitized
ERROR - 2017-01-18 16:35:49 --> 404 Page Not Found: Admin/login.aspx
DEBUG - 2017-01-18 16:35:50 --> UTF-8 Support Enabled
DEBUG - 2017-01-18 16:35:50 --> Global POST, GET and COOKIE data sanitized
ERROR - 2017-01-18 16:35:50 --> 404 Page Not Found: Erroraspx/index
DEBUG - 2017-01-18 16:35:52 --> UTF-8 Support Enabled
DEBUG - 2017-01-18 16:35:52 --> Global POST, GET and COOKIE data sanitized
ERROR - 2017-01-18 16:35:52 --> 404 Page Not Found: Inc/playerKinds.xml
DEBUG - 2017-01-18 16:35:53 --> UTF-8 Support Enabled
DEBUG - 2017-01-18 16:35:53 --> Global POST, GET and COOKIE data sanitized
ERROR - 2017-01-18 16:35:53 --> 404 Page Not Found: Help/user
DEBUG - 2017-01-18 16:35:55 --> UTF-8 Support Enabled
DEBUG - 2017-01-18 16:35:55 --> Global POST, GET and COOKIE data sanitized
ERROR - 2017-01-18 16:35:55 --> 404 Page Not Found: Kindeditor-minjs/index
DEBUG - 2017-01-18 16:35:57 --> UTF-8 Support Enabled
DEBUG - 2017-01-18 16:35:57 --> Global POST, GET and COOKIE data sanitized
ERROR - 2017-01-18 16:35:57 --> 404 Page Not Found: Kindeditorjs/index
DEBUG - 2017-01-18 16:35:59 --> UTF-8 Support Enabled
DEBUG - 2017-01-18 16:35:59 --> Global POST, GET and COOKIE data sanitized
ERROR - 2017-01-18 16:35:59 --> 404 Page Not Found: Lang/en.js
DEBUG - 2017-01-18 16:36:01 --> UTF-8 Support Enabled
DEBUG - 2017-01-18 16:36:01 --> Global POST, GET and COOKIE data sanitized
ERROR - 2017-01-18 16:36:01 --> 404 Page Not Found: Themes/default
DEBUG - 2017-01-18 16:36:03 --> UTF-8 Support Enabled
DEBUG - 2017-01-18 16:36:03 --> Global POST, GET and COOKIE data sanitized
ERROR - 2017-01-18 16:36:03 --> 404 Page Not Found: Examples/index.html
DEBUG - 2017-01-18 16:36:07 --> UTF-8 Support Enabled
DEBUG - 2017-01-18 16:36:07 --> Global POST, GET and COOKIE data sanitized
ERROR - 2017-01-18 16:36:07 --> 404 Page Not Found: Examples/file-manager.html
DEBUG - 2017-01-18 16:36:09 --> UTF-8 Support Enabled
DEBUG - 2017-01-18 16:36:09 --> Global POST, GET and COOKIE data sanitized
ERROR - 2017-01-18 16:36:09 --> 404 Page Not Found: Plugins/filemanager
DEBUG - 2017-01-18 16:36:10 --> UTF-8 Support Enabled
DEBUG - 2017-01-18 16:36:10 --> Global POST, GET and COOKIE data sanitized
ERROR - 2017-01-18 16:36:10 --> 404 Page Not Found: Plugins/anchor
DEBUG - 2017-01-18 16:36:12 --> UTF-8 Support Enabled
DEBUG - 2017-01-18 16:36:12 --> Global POST, GET and COOKIE data sanitized
ERROR - 2017-01-18 16:36:12 --> 404 Page Not Found: Aspnet/README.txt
DEBUG - 2017-01-18 16:36:13 --> UTF-8 Support Enabled
DEBUG - 2017-01-18 16:36:13 --> Global POST, GET and COOKIE data sanitized
ERROR - 2017-01-18 16:36:13 --> 404 Page Not Found: Examples/readonly.html
DEBUG - 2017-01-18 16:36:14 --> UTF-8 Support Enabled
DEBUG - 2017-01-18 16:36:14 --> Global POST, GET and COOKIE data sanitized
ERROR - 2017-01-18 16:36:14 --> 404 Page Not Found: Style/default
DEBUG - 2017-01-18 16:36:16 --> UTF-8 Support Enabled
DEBUG - 2017-01-18 16:36:16 --> Global POST, GET and COOKIE data sanitized
ERROR - 2017-01-18 16:36:16 --> 404 Page Not Found: Scripts/jquery
DEBUG - 2017-01-18 16:36:17 --> UTF-8 Support Enabled
DEBUG - 2017-01-18 16:36:17 --> Global POST, GET and COOKIE data sanitized
ERROR - 2017-01-18 16:36:17 --> 404 Page Not Found: Media/com_hikashop
DEBUG - 2017-01-18 16:36:18 --> UTF-8 Support Enabled
DEBUG - 2017-01-18 16:36:18 --> Global POST, GET and COOKIE data sanitized
ERROR - 2017-01-18 16:36:18 --> 404 Page Not Found: Templates/jsn_glass_pro
DEBUG - 2017-01-18 16:36:19 --> UTF-8 Support Enabled
DEBUG - 2017-01-18 16:36:19 --> Global POST, GET and COOKIE data sanitized
ERROR - 2017-01-18 16:36:19 --> 404 Page Not Found: Public/js
DEBUG - 2017-01-18 16:36:20 --> UTF-8 Support Enabled
DEBUG - 2017-01-18 16:36:20 --> Global POST, GET and COOKIE data sanitized
ERROR - 2017-01-18 16:36:20 --> 404 Page Not Found: Forums/list.page
DEBUG - 2017-01-18 16:36:21 --> UTF-8 Support Enabled
DEBUG - 2017-01-18 16:36:21 --> Global POST, GET and COOKIE data sanitized
ERROR - 2017-01-18 16:36:21 --> 404 Page Not Found: Script/valid_formdata.js
DEBUG - 2017-01-18 16:36:22 --> UTF-8 Support Enabled
DEBUG - 2017-01-18 16:36:22 --> Global POST, GET and COOKIE data sanitized
ERROR - 2017-01-18 16:36:22 --> 404 Page Not Found: Themes/graphics
DEBUG - 2017-01-18 16:36:23 --> UTF-8 Support Enabled
DEBUG - 2017-01-18 16:36:23 --> Global POST, GET and COOKIE data sanitized
ERROR - 2017-01-18 16:36:23 --> 404 Page Not Found: Themes/default
DEBUG - 2017-01-18 19:05:35 --> UTF-8 Support Enabled
DEBUG - 2017-01-18 19:05:35 --> Global POST, GET and COOKIE data sanitized
ERROR - 2017-01-18 19:05:35 --> 404 Page Not Found: Cache/global
DEBUG - 2017-01-18 19:25:55 --> UTF-8 Support Enabled
DEBUG - 2017-01-18 19:25:55 --> Global POST, GET and COOKIE data sanitized
ERROR - 2017-01-18 19:25:55 --> 404 Page Not Found: Plugins/filemanager
DEBUG - 2017-01-18 19:26:04 --> UTF-8 Support Enabled
DEBUG - 2017-01-18 19:26:04 --> Global POST, GET and COOKIE data sanitized
ERROR - 2017-01-18 19:26:04 --> 404 Page Not Found: Test_404_page/index
DEBUG - 2017-01-18 19:26:04 --> UTF-8 Support Enabled
DEBUG - 2017-01-18 19:26:04 --> UTF-8 Support Enabled
DEBUG - 2017-01-18 19:26:04 --> Global POST, GET and COOKIE data sanitized
DEBUG - 2017-01-18 19:26:04 --> UTF-8 Support Enabled
DEBUG - 2017-01-18 19:26:04 --> Global POST, GET and COOKIE data sanitized
DEBUG - 2017-01-18 19:26:04 --> Global POST, GET and COOKIE data sanitized
ERROR - 2017-01-18 19:26:04 --> 404 Page Not Found: Forums/list.page
ERROR - 2017-01-18 19:26:04 --> 404 Page Not Found: Auth/login
ERROR - 2017-01-18 19:26:04 --> 404 Page Not Found: Plugins/filemanager
DEBUG - 2017-01-18 19:32:54 --> UTF-8 Support Enabled
DEBUG - 2017-01-18 19:32:54 --> Global POST, GET and COOKIE data sanitized
ERROR - 2017-01-18 19:32:54 --> 404 Page Not Found: Helpnew/faq
DEBUG - 2017-01-18 19:33:04 --> UTF-8 Support Enabled
DEBUG - 2017-01-18 19:33:04 --> UTF-8 Support Enabled
DEBUG - 2017-01-18 19:33:04 --> Global POST, GET and COOKIE data sanitized
ERROR - 2017-01-18 19:33:04 --> 404 Page Not Found: Fckeditor/editor
DEBUG - 2017-01-18 19:33:04 --> Global POST, GET and COOKIE data sanitized
ERROR - 2017-01-18 19:33:04 --> 404 Page Not Found: Helpnew/faq
DEBUG - 2017-01-18 19:33:04 --> UTF-8 Support Enabled
DEBUG - 2017-01-18 19:33:04 --> Global POST, GET and COOKIE data sanitized
ERROR - 2017-01-18 19:33:04 --> 404 Page Not Found: Ckfinder/ckfinder.html
DEBUG - 2017-01-18 19:44:14 --> UTF-8 Support Enabled
DEBUG - 2017-01-18 19:44:14 --> Global POST, GET and COOKIE data sanitized
ERROR - 2017-01-18 19:44:14 --> 404 Page Not Found: Help/user
DEBUG - 2017-01-18 19:44:23 --> UTF-8 Support Enabled
DEBUG - 2017-01-18 19:44:23 --> No URI present. Default controller set.
DEBUG - 2017-01-18 19:44:23 --> Global POST, GET and COOKIE data sanitized
DEBUG - 2017-01-18 19:44:23 --> Total execution time: 0.0092
DEBUG - 2017-01-18 19:44:23 --> UTF-8 Support Enabled
DEBUG - 2017-01-18 19:44:23 --> No URI present. Default controller set.
DEBUG - 2017-01-18 19:44:23 --> Global POST, GET and COOKIE data sanitized
DEBUG - 2017-01-18 19:44:23 --> Total execution time: 0.0087
DEBUG - 2017-01-18 19:44:23 --> UTF-8 Support Enabled
DEBUG - 2017-01-18 19:44:23 --> No URI present. Default controller set.
DEBUG - 2017-01-18 19:44:23 --> UTF-8 Support Enabled
DEBUG - 2017-01-18 19:44:23 --> No URI present. Default controller set.
DEBUG - 2017-01-18 19:44:23 --> Global POST, GET and COOKIE data sanitized
DEBUG - 2017-01-18 19:44:23 --> Global POST, GET and COOKIE data sanitized
DEBUG - 2017-01-18 19:44:23 --> Total execution time: 0.0197
DEBUG - 2017-01-18 19:44:23 --> Total execution time: 0.0119
DEBUG - 2017-01-18 19:51:01 --> UTF-8 Support Enabled
DEBUG - 2017-01-18 19:51:01 --> Global POST, GET and COOKIE data sanitized
ERROR - 2017-01-18 19:51:01 --> 404 Page Not Found: %3Fm%253Dsearch/index
DEBUG - 2017-01-18 19:59:40 --> UTF-8 Support Enabled
DEBUG - 2017-01-18 19:59:40 --> Global POST, GET and COOKIE data sanitized
ERROR - 2017-01-18 19:59:40 --> 404 Page Not Found: Admin/template
DEBUG - 2017-01-18 19:59:49 --> UTF-8 Support Enabled
DEBUG - 2017-01-18 19:59:49 --> Global POST, GET and COOKIE data sanitized
ERROR - 2017-01-18 19:59:49 --> 404 Page Not Found: Admin/template
DEBUG - 2017-01-18 20:00:00 --> UTF-8 Support Enabled
DEBUG - 2017-01-18 20:00:00 --> Global POST, GET and COOKIE data sanitized
ERROR - 2017-01-18 20:00:00 --> 404 Page Not Found: Admin/template
DEBUG - 2017-01-18 20:05:50 --> UTF-8 Support Enabled
DEBUG - 2017-01-18 20:05:50 --> Global POST, GET and COOKIE data sanitized
ERROR - 2017-01-18 20:05:50 --> 404 Page Not Found: Cache/global
DEBUG - 2017-01-18 21:42:49 --> UTF-8 Support Enabled
DEBUG - 2017-01-18 21:42:49 --> No URI present. Default controller set.
DEBUG - 2017-01-18 21:42:49 --> Global POST, GET and COOKIE data sanitized
DEBUG - 2017-01-18 21:42:49 --> Total execution time: 0.0119
DEBUG - 2017-01-18 22:17:00 --> UTF-8 Support Enabled
DEBUG - 2017-01-18 22:17:00 --> Global POST, GET and COOKIE data sanitized
ERROR - 2017-01-18 22:17:00 --> 404 Page Not Found: Auth/login
DEBUG - 2017-01-18 23:45:41 --> UTF-8 Support Enabled
DEBUG - 2017-01-18 23:45:41 --> Global POST, GET and COOKIE data sanitized
ERROR - 2017-01-18 23:45:41 --> 404 Page Not Found: Helpnew/faq
DEBUG - 2017-01-18 23:47:21 --> UTF-8 Support Enabled
DEBUG - 2017-01-18 23:47:21 --> Global POST, GET and COOKIE data sanitized
ERROR - 2017-01-18 23:47:21 --> 404 Page Not Found: %253Fm%25253Dsearch/index
