DEBUG - 2017-06-28 13:26:54 --> UTF-8 Support Enabled
DEBUG - 2017-06-28 13:26:56 --> Global POST, GET and COOKIE data sanitized
ERROR - 2017-06-28 13:26:57 --> Severity: Error --> Class 'qcloudcos\Cos\Api' not found /vagrant/svn_projects/php-weapp-demo/application/controllers/weapp/Upload.php 22
DEBUG - 2017-06-28 13:27:01 --> UTF-8 Support Enabled
DEBUG - 2017-06-28 13:27:03 --> Global POST, GET and COOKIE data sanitized
ERROR - 2017-06-28 13:27:03 --> 404 Page Not Found: Faviconico/index
DEBUG - 2017-06-28 13:49:03 --> UTF-8 Support Enabled
DEBUG - 2017-06-28 13:49:05 --> Global POST, GET and COOKIE data sanitized
ERROR - 2017-06-28 13:49:07 --> Severity: Notice --> Undefined variable: bucket /vagrant/svn_projects/php-weapp-demo/application/controllers/weapp/Upload.php 28
ERROR - 2017-06-28 13:49:07 --> Severity: Notice --> Undefined variable: folder /vagrant/svn_projects/php-weapp-demo/application/controllers/weapp/Upload.php 28
ERROR - 2017-06-28 13:49:08 --> Severity: Notice --> Undefined variable: bucket /vagrant/svn_projects/php-weapp-demo/application/controllers/weapp/Upload.php 32
ERROR - 2017-06-28 13:49:08 --> Severity: Notice --> Undefined variable: dst /vagrant/svn_projects/php-weapp-demo/application/controllers/weapp/Upload.php 32
ERROR - 2017-06-28 13:49:08 --> Severity: Notice --> Undefined variable: bucket /vagrant/svn_projects/php-weapp-demo/application/controllers/weapp/Upload.php 34
ERROR - 2017-06-28 13:49:09 --> Severity: Notice --> Undefined variable: src /vagrant/svn_projects/php-weapp-demo/application/controllers/weapp/Upload.php 34
ERROR - 2017-06-28 13:49:09 --> Severity: Notice --> Undefined variable: dst /vagrant/svn_projects/php-weapp-demo/application/controllers/weapp/Upload.php 34
DEBUG - 2017-06-28 13:49:09 --> Total execution time: 7.5719
DEBUG - 2017-06-28 14:15:39 --> UTF-8 Support Enabled
DEBUG - 2017-06-28 14:15:41 --> Global POST, GET and COOKIE data sanitized
ERROR - 2017-06-28 14:15:41 --> 404 Page Not Found: /index
DEBUG - 2017-06-28 14:15:54 --> UTF-8 Support Enabled
DEBUG - 2017-06-28 14:15:56 --> Global POST, GET and COOKIE data sanitized
ERROR - 2017-06-28 14:15:57 --> 404 Page Not Found: other/Upload/index
DEBUG - 2017-06-28 14:16:39 --> UTF-8 Support Enabled
DEBUG - 2017-06-28 14:16:41 --> Global POST, GET and COOKIE data sanitized
ERROR - 2017-06-28 14:16:42 --> Severity: Notice --> Undefined index: file /vagrant/svn_projects/php-weapp-demo/application/controllers/other/Upload.php 9
ERROR - 2017-06-28 14:16:43 --> Severity: Notice --> Undefined index: filepath /vagrant/svn_projects/php-weapp-demo/application/controllers/other/Upload.php 10
ERROR - 2017-06-28 14:16:43 --> Severity: Notice --> Undefined index: filename /vagrant/svn_projects/php-weapp-demo/application/controllers/other/Upload.php 10
ERROR - 2017-06-28 14:16:43 --> Severity: Notice --> Undefined index: filepath /vagrant/svn_projects/php-weapp-demo/application/controllers/other/Upload.php 11
ERROR - 2017-06-28 14:16:44 --> Severity: Error --> Class 'qcloudcos\Cosapi' not found /vagrant/svn_projects/php-weapp-demo/application/controllers/other/Upload.php 14
ERROR - 2017-06-28 14:17:16 --> $config['composer_autoload'] is set to TRUE but /vagrant/svn_projects/php-weapp-demo/application/vendor/autoload.php was not found.
DEBUG - 2017-06-28 14:17:17 --> UTF-8 Support Enabled
DEBUG - 2017-06-28 14:17:19 --> Global POST, GET and COOKIE data sanitized
ERROR - 2017-06-28 14:17:21 --> Severity: Notice --> Undefined index: file /vagrant/svn_projects/php-weapp-demo/application/controllers/other/Upload.php 9
ERROR - 2017-06-28 14:17:21 --> Severity: Notice --> Undefined index: filepath /vagrant/svn_projects/php-weapp-demo/application/controllers/other/Upload.php 10
ERROR - 2017-06-28 14:17:22 --> Severity: Notice --> Undefined index: filename /vagrant/svn_projects/php-weapp-demo/application/controllers/other/Upload.php 10
ERROR - 2017-06-28 14:17:22 --> Severity: Notice --> Undefined index: filepath /vagrant/svn_projects/php-weapp-demo/application/controllers/other/Upload.php 11
ERROR - 2017-06-28 14:17:22 --> Severity: Error --> Class 'qcloudcos\Cosapi' not found /vagrant/svn_projects/php-weapp-demo/application/controllers/other/Upload.php 14
DEBUG - 2017-06-28 14:20:49 --> UTF-8 Support Enabled
DEBUG - 2017-06-28 14:20:51 --> Global POST, GET and COOKIE data sanitized
ERROR - 2017-06-28 14:20:53 --> Severity: Notice --> Undefined index: file /vagrant/svn_projects/php-weapp-demo/application/controllers/other/Upload.php 9
ERROR - 2017-06-28 14:20:53 --> Severity: Notice --> Undefined index: filepath /vagrant/svn_projects/php-weapp-demo/application/controllers/other/Upload.php 10
ERROR - 2017-06-28 14:20:53 --> Severity: Notice --> Undefined index: filename /vagrant/svn_projects/php-weapp-demo/application/controllers/other/Upload.php 10
ERROR - 2017-06-28 14:20:54 --> Severity: Notice --> Undefined index: filepath /vagrant/svn_projects/php-weapp-demo/application/controllers/other/Upload.php 11
DEBUG - 2017-06-28 14:20:54 --> Total execution time: 6.5078
