DEBUG - 2017-07-17 15:18:37 --> UTF-8 Support Enabled
DEBUG - 2017-07-17 15:18:37 --> Global POST, GET and COOKIE data sanitized
DEBUG - 2017-07-17 15:18:38 --> Total execution time: 1.0271
DEBUG - 2017-07-17 15:18:38 --> UTF-8 Support Enabled
DEBUG - 2017-07-17 15:18:38 --> Global POST, GET and COOKIE data sanitized
ERROR - 2017-07-17 15:18:39 --> 404 Page Not Found: Faviconico/index
DEBUG - 2017-07-17 15:20:56 --> UTF-8 Support Enabled
DEBUG - 2017-07-17 15:20:56 --> Global POST, GET and COOKIE data sanitized
DEBUG - 2017-07-17 15:20:56 --> Total execution time: 0.5424
DEBUG - 2017-07-17 15:22:16 --> UTF-8 Support Enabled
DEBUG - 2017-07-17 15:22:16 --> Global POST, GET and COOKIE data sanitized
DEBUG - 2017-07-17 15:22:16 --> Total execution time: 0.5298
DEBUG - 2017-07-17 15:41:19 --> UTF-8 Support Enabled
DEBUG - 2017-07-17 15:41:19 --> Global POST, GET and COOKIE data sanitized
DEBUG - 2017-07-17 15:42:06 --> UTF-8 Support Enabled
DEBUG - 2017-07-17 15:42:06 --> Global POST, GET and COOKIE data sanitized
DEBUG - 2017-07-17 15:42:28 --> UTF-8 Support Enabled
DEBUG - 2017-07-17 15:42:29 --> Global POST, GET and COOKIE data sanitized
DEBUG - 2017-07-17 15:47:16 --> UTF-8 Support Enabled
DEBUG - 2017-07-17 15:47:16 --> Global POST, GET and COOKIE data sanitized
DEBUG - 2017-07-17 15:47:31 --> UTF-8 Support Enabled
DEBUG - 2017-07-17 15:47:31 --> Global POST, GET and COOKIE data sanitized
DEBUG - 2017-07-17 15:48:57 --> UTF-8 Support Enabled
DEBUG - 2017-07-17 15:48:58 --> Global POST, GET and COOKIE data sanitized
DEBUG - 2017-07-17 15:52:34 --> UTF-8 Support Enabled
DEBUG - 2017-07-17 15:52:34 --> Global POST, GET and COOKIE data sanitized
DEBUG - 2017-07-17 15:53:30 --> UTF-8 Support Enabled
DEBUG - 2017-07-17 15:53:30 --> Global POST, GET and COOKIE data sanitized
DEBUG - 2017-07-17 15:57:03 --> UTF-8 Support Enabled
DEBUG - 2017-07-17 15:57:03 --> Global POST, GET and COOKIE data sanitized
DEBUG - 2017-07-17 15:57:25 --> UTF-8 Support Enabled
DEBUG - 2017-07-17 15:57:26 --> Global POST, GET and COOKIE data sanitized
DEBUG - 2017-07-17 15:58:27 --> UTF-8 Support Enabled
DEBUG - 2017-07-17 15:58:27 --> Global POST, GET and COOKIE data sanitized
DEBUG - 2017-07-17 16:00:33 --> UTF-8 Support Enabled
DEBUG - 2017-07-17 16:00:33 --> Global POST, GET and COOKIE data sanitized
DEBUG - 2017-07-17 16:01:06 --> UTF-8 Support Enabled
DEBUG - 2017-07-17 16:01:06 --> Global POST, GET and COOKIE data sanitized
DEBUG - 2017-07-17 16:01:54 --> UTF-8 Support Enabled
DEBUG - 2017-07-17 16:01:54 --> Global POST, GET and COOKIE data sanitized
DEBUG - 2017-07-17 16:04:12 --> UTF-8 Support Enabled
DEBUG - 2017-07-17 16:04:12 --> Global POST, GET and COOKIE data sanitized
DEBUG - 2017-07-17 16:08:54 --> UTF-8 Support Enabled
DEBUG - 2017-07-17 16:08:54 --> Global POST, GET and COOKIE data sanitized
DEBUG - 2017-07-17 16:10:46 --> UTF-8 Support Enabled
DEBUG - 2017-07-17 16:10:47 --> Global POST, GET and COOKIE data sanitized
DEBUG - 2017-07-17 16:11:15 --> UTF-8 Support Enabled
DEBUG - 2017-07-17 16:11:15 --> UTF-8 Support Enabled
DEBUG - 2017-07-17 16:11:15 --> UTF-8 Support Enabled
DEBUG - 2017-07-17 16:11:16 --> Global POST, GET and COOKIE data sanitized
DEBUG - 2017-07-17 16:11:16 --> Global POST, GET and COOKIE data sanitized
DEBUG - 2017-07-17 16:11:16 --> Global POST, GET and COOKIE data sanitized
DEBUG - 2017-07-17 16:11:25 --> UTF-8 Support Enabled
DEBUG - 2017-07-17 16:11:25 --> UTF-8 Support Enabled
DEBUG - 2017-07-17 16:11:25 --> UTF-8 Support Enabled
DEBUG - 2017-07-17 16:11:25 --> UTF-8 Support Enabled
DEBUG - 2017-07-17 16:11:25 --> UTF-8 Support Enabled
DEBUG - 2017-07-17 16:11:25 --> UTF-8 Support Enabled
DEBUG - 2017-07-17 16:11:25 --> Global POST, GET and COOKIE data sanitized
DEBUG - 2017-07-17 16:11:25 --> Global POST, GET and COOKIE data sanitized
DEBUG - 2017-07-17 16:11:25 --> Global POST, GET and COOKIE data sanitized
DEBUG - 2017-07-17 16:11:26 --> Global POST, GET and COOKIE data sanitized
DEBUG - 2017-07-17 16:11:26 --> Global POST, GET and COOKIE data sanitized
DEBUG - 2017-07-17 16:11:26 --> Global POST, GET and COOKIE data sanitized
DEBUG - 2017-07-17 16:11:27 --> UTF-8 Support Enabled
DEBUG - 2017-07-17 16:11:27 --> UTF-8 Support Enabled
DEBUG - 2017-07-17 16:11:27 --> UTF-8 Support Enabled
DEBUG - 2017-07-17 16:11:27 --> UTF-8 Support Enabled
DEBUG - 2017-07-17 16:11:28 --> Global POST, GET and COOKIE data sanitized
DEBUG - 2017-07-17 16:11:28 --> Global POST, GET and COOKIE data sanitized
DEBUG - 2017-07-17 16:11:28 --> Global POST, GET and COOKIE data sanitized
DEBUG - 2017-07-17 16:11:28 --> Global POST, GET and COOKIE data sanitized
DEBUG - 2017-07-17 16:14:35 --> UTF-8 Support Enabled
DEBUG - 2017-07-17 16:14:35 --> Global POST, GET and COOKIE data sanitized
DEBUG - 2017-07-17 16:14:50 --> UTF-8 Support Enabled
DEBUG - 2017-07-17 16:14:50 --> Global POST, GET and COOKIE data sanitized
DEBUG - 2017-07-17 16:17:36 --> UTF-8 Support Enabled
DEBUG - 2017-07-17 16:17:36 --> Global POST, GET and COOKIE data sanitized
DEBUG - 2017-07-17 16:20:40 --> UTF-8 Support Enabled
DEBUG - 2017-07-17 16:20:40 --> Global POST, GET and COOKIE data sanitized
DEBUG - 2017-07-17 16:21:48 --> UTF-8 Support Enabled
DEBUG - 2017-07-17 16:21:48 --> Global POST, GET and COOKIE data sanitized
DEBUG - 2017-07-17 16:31:25 --> UTF-8 Support Enabled
DEBUG - 2017-07-17 16:31:26 --> Global POST, GET and COOKIE data sanitized
DEBUG - 2017-07-17 16:31:47 --> UTF-8 Support Enabled
DEBUG - 2017-07-17 16:31:48 --> Global POST, GET and COOKIE data sanitized
DEBUG - 2017-07-17 16:32:24 --> UTF-8 Support Enabled
DEBUG - 2017-07-17 16:32:25 --> Global POST, GET and COOKIE data sanitized
DEBUG - 2017-07-17 16:33:01 --> UTF-8 Support Enabled
DEBUG - 2017-07-17 16:33:02 --> Global POST, GET and COOKIE data sanitized
DEBUG - 2017-07-17 16:33:49 --> UTF-8 Support Enabled
DEBUG - 2017-07-17 16:33:49 --> Global POST, GET and COOKIE data sanitized
DEBUG - 2017-07-17 16:34:40 --> UTF-8 Support Enabled
DEBUG - 2017-07-17 16:34:40 --> Global POST, GET and COOKIE data sanitized
DEBUG - 2017-07-17 16:35:06 --> UTF-8 Support Enabled
DEBUG - 2017-07-17 16:35:06 --> Global POST, GET and COOKIE data sanitized
DEBUG - 2017-07-17 16:35:23 --> UTF-8 Support Enabled
DEBUG - 2017-07-17 16:35:23 --> Global POST, GET and COOKIE data sanitized
DEBUG - 2017-07-17 16:35:44 --> UTF-8 Support Enabled
DEBUG - 2017-07-17 16:35:44 --> Global POST, GET and COOKIE data sanitized
DEBUG - 2017-07-17 16:36:10 --> UTF-8 Support Enabled
DEBUG - 2017-07-17 16:36:10 --> Global POST, GET and COOKIE data sanitized
DEBUG - 2017-07-17 16:36:32 --> UTF-8 Support Enabled
DEBUG - 2017-07-17 16:36:33 --> Global POST, GET and COOKIE data sanitized
DEBUG - 2017-07-17 16:37:34 --> UTF-8 Support Enabled
DEBUG - 2017-07-17 16:37:34 --> Global POST, GET and COOKIE data sanitized
DEBUG - 2017-07-17 16:38:21 --> UTF-8 Support Enabled
DEBUG - 2017-07-17 16:38:21 --> Global POST, GET and COOKIE data sanitized
DEBUG - 2017-07-17 16:38:57 --> UTF-8 Support Enabled
DEBUG - 2017-07-17 16:38:58 --> Global POST, GET and COOKIE data sanitized
DEBUG - 2017-07-17 16:39:29 --> UTF-8 Support Enabled
DEBUG - 2017-07-17 16:39:29 --> Global POST, GET and COOKIE data sanitized
DEBUG - 2017-07-17 16:39:32 --> UTF-8 Support Enabled
DEBUG - 2017-07-17 16:39:33 --> Global POST, GET and COOKIE data sanitized
DEBUG - 2017-07-17 16:39:35 --> UTF-8 Support Enabled
DEBUG - 2017-07-17 16:39:35 --> Global POST, GET and COOKIE data sanitized
DEBUG - 2017-07-17 16:39:38 --> UTF-8 Support Enabled
DEBUG - 2017-07-17 16:39:38 --> Global POST, GET and COOKIE data sanitized
DEBUG - 2017-07-17 16:39:39 --> UTF-8 Support Enabled
DEBUG - 2017-07-17 16:39:39 --> Global POST, GET and COOKIE data sanitized
DEBUG - 2017-07-17 16:39:41 --> UTF-8 Support Enabled
DEBUG - 2017-07-17 16:39:41 --> Global POST, GET and COOKIE data sanitized
DEBUG - 2017-07-17 16:39:42 --> UTF-8 Support Enabled
DEBUG - 2017-07-17 16:39:43 --> Global POST, GET and COOKIE data sanitized
DEBUG - 2017-07-17 16:39:44 --> UTF-8 Support Enabled
DEBUG - 2017-07-17 16:39:45 --> Global POST, GET and COOKIE data sanitized
DEBUG - 2017-07-17 16:41:12 --> UTF-8 Support Enabled
DEBUG - 2017-07-17 16:41:12 --> Global POST, GET and COOKIE data sanitized
DEBUG - 2017-07-17 16:42:16 --> UTF-8 Support Enabled
DEBUG - 2017-07-17 16:42:17 --> Global POST, GET and COOKIE data sanitized
DEBUG - 2017-07-17 16:42:19 --> UTF-8 Support Enabled
DEBUG - 2017-07-17 16:42:19 --> Global POST, GET and COOKIE data sanitized
DEBUG - 2017-07-17 16:42:24 --> UTF-8 Support Enabled
DEBUG - 2017-07-17 16:42:24 --> Global POST, GET and COOKIE data sanitized
DEBUG - 2017-07-17 16:42:25 --> UTF-8 Support Enabled
DEBUG - 2017-07-17 16:42:25 --> Global POST, GET and COOKIE data sanitized
DEBUG - 2017-07-17 16:42:27 --> UTF-8 Support Enabled
DEBUG - 2017-07-17 16:42:27 --> Global POST, GET and COOKIE data sanitized
DEBUG - 2017-07-17 16:42:30 --> UTF-8 Support Enabled
DEBUG - 2017-07-17 16:42:30 --> Global POST, GET and COOKIE data sanitized
DEBUG - 2017-07-17 16:42:31 --> UTF-8 Support Enabled
DEBUG - 2017-07-17 16:42:31 --> Global POST, GET and COOKIE data sanitized
DEBUG - 2017-07-17 16:42:31 --> UTF-8 Support Enabled
DEBUG - 2017-07-17 16:42:32 --> Global POST, GET and COOKIE data sanitized
DEBUG - 2017-07-17 16:42:34 --> UTF-8 Support Enabled
DEBUG - 2017-07-17 16:42:34 --> Global POST, GET and COOKIE data sanitized
DEBUG - 2017-07-17 16:42:35 --> UTF-8 Support Enabled
DEBUG - 2017-07-17 16:42:35 --> Global POST, GET and COOKIE data sanitized
DEBUG - 2017-07-17 16:42:38 --> UTF-8 Support Enabled
DEBUG - 2017-07-17 16:42:38 --> Global POST, GET and COOKIE data sanitized
DEBUG - 2017-07-17 16:42:39 --> UTF-8 Support Enabled
DEBUG - 2017-07-17 16:42:39 --> Global POST, GET and COOKIE data sanitized
DEBUG - 2017-07-17 16:42:41 --> UTF-8 Support Enabled
DEBUG - 2017-07-17 16:42:41 --> Global POST, GET and COOKIE data sanitized
DEBUG - 2017-07-17 16:42:42 --> UTF-8 Support Enabled
DEBUG - 2017-07-17 16:42:42 --> Global POST, GET and COOKIE data sanitized
DEBUG - 2017-07-17 16:42:43 --> UTF-8 Support Enabled
DEBUG - 2017-07-17 16:42:43 --> UTF-8 Support Enabled
DEBUG - 2017-07-17 16:42:43 --> Global POST, GET and COOKIE data sanitized
DEBUG - 2017-07-17 16:42:43 --> Global POST, GET and COOKIE data sanitized
DEBUG - 2017-07-17 16:42:48 --> UTF-8 Support Enabled
DEBUG - 2017-07-17 16:42:48 --> Global POST, GET and COOKIE data sanitized
DEBUG - 2017-07-17 16:42:48 --> UTF-8 Support Enabled
DEBUG - 2017-07-17 16:42:49 --> Global POST, GET and COOKIE data sanitized
DEBUG - 2017-07-17 16:42:53 --> UTF-8 Support Enabled
DEBUG - 2017-07-17 16:42:53 --> Global POST, GET and COOKIE data sanitized
DEBUG - 2017-07-17 16:42:58 --> UTF-8 Support Enabled
DEBUG - 2017-07-17 16:42:58 --> Global POST, GET and COOKIE data sanitized
DEBUG - 2017-07-17 16:42:59 --> UTF-8 Support Enabled
DEBUG - 2017-07-17 16:42:59 --> Global POST, GET and COOKIE data sanitized
DEBUG - 2017-07-17 16:43:00 --> UTF-8 Support Enabled
DEBUG - 2017-07-17 16:43:00 --> Global POST, GET and COOKIE data sanitized
DEBUG - 2017-07-17 16:43:02 --> UTF-8 Support Enabled
DEBUG - 2017-07-17 16:43:03 --> Global POST, GET and COOKIE data sanitized
DEBUG - 2017-07-17 16:43:03 --> UTF-8 Support Enabled
DEBUG - 2017-07-17 16:43:04 --> Global POST, GET and COOKIE data sanitized
DEBUG - 2017-07-17 16:43:04 --> UTF-8 Support Enabled
DEBUG - 2017-07-17 16:43:04 --> Global POST, GET and COOKIE data sanitized
DEBUG - 2017-07-17 16:43:04 --> UTF-8 Support Enabled
DEBUG - 2017-07-17 16:43:05 --> Global POST, GET and COOKIE data sanitized
DEBUG - 2017-07-17 16:43:28 --> UTF-8 Support Enabled
DEBUG - 2017-07-17 16:43:28 --> Global POST, GET and COOKIE data sanitized
DEBUG - 2017-07-17 16:44:13 --> UTF-8 Support Enabled
DEBUG - 2017-07-17 16:44:13 --> Global POST, GET and COOKIE data sanitized
DEBUG - 2017-07-17 16:49:30 --> UTF-8 Support Enabled
DEBUG - 2017-07-17 16:49:30 --> Global POST, GET and COOKIE data sanitized
DEBUG - 2017-07-17 16:51:44 --> UTF-8 Support Enabled
DEBUG - 2017-07-17 16:51:44 --> Global POST, GET and COOKIE data sanitized
DEBUG - 2017-07-17 17:08:25 --> UTF-8 Support Enabled
DEBUG - 2017-07-17 17:08:26 --> Global POST, GET and COOKIE data sanitized
DEBUG - 2017-07-17 17:08:31 --> UTF-8 Support Enabled
DEBUG - 2017-07-17 17:08:31 --> Global POST, GET and COOKIE data sanitized
DEBUG - 2017-07-17 17:16:46 --> UTF-8 Support Enabled
DEBUG - 2017-07-17 17:16:46 --> Global POST, GET and COOKIE data sanitized
DEBUG - 2017-07-17 17:26:34 --> UTF-8 Support Enabled
DEBUG - 2017-07-17 17:26:34 --> Global POST, GET and COOKIE data sanitized
DEBUG - 2017-07-17 17:30:13 --> UTF-8 Support Enabled
DEBUG - 2017-07-17 17:30:14 --> Global POST, GET and COOKIE data sanitized
ERROR - 2017-07-17 17:30:14 --> 404 Page Not Found: Image/test
DEBUG - 2017-07-17 17:30:38 --> UTF-8 Support Enabled
DEBUG - 2017-07-17 17:30:38 --> Global POST, GET and COOKIE data sanitized
ERROR - 2017-07-17 17:30:38 --> 404 Page Not Found: Image/test
DEBUG - 2017-07-17 17:31:04 --> UTF-8 Support Enabled
DEBUG - 2017-07-17 17:31:04 --> Global POST, GET and COOKIE data sanitized
DEBUG - 2017-07-17 17:31:52 --> UTF-8 Support Enabled
DEBUG - 2017-07-17 17:31:52 --> Global POST, GET and COOKIE data sanitized
DEBUG - 2017-07-17 17:33:12 --> UTF-8 Support Enabled
DEBUG - 2017-07-17 17:33:12 --> Global POST, GET and COOKIE data sanitized
DEBUG - 2017-07-17 17:35:58 --> UTF-8 Support Enabled
DEBUG - 2017-07-17 17:35:58 --> Global POST, GET and COOKIE data sanitized
DEBUG - 2017-07-17 17:39:46 --> UTF-8 Support Enabled
DEBUG - 2017-07-17 17:39:46 --> Global POST, GET and COOKIE data sanitized
DEBUG - 2017-07-17 17:40:22 --> UTF-8 Support Enabled
DEBUG - 2017-07-17 17:40:22 --> Global POST, GET and COOKIE data sanitized
DEBUG - 2017-07-17 17:42:59 --> UTF-8 Support Enabled
DEBUG - 2017-07-17 17:42:59 --> Global POST, GET and COOKIE data sanitized
DEBUG - 2017-07-17 17:44:03 --> UTF-8 Support Enabled
DEBUG - 2017-07-17 17:44:03 --> Global POST, GET and COOKIE data sanitized
DEBUG - 2017-07-17 17:44:47 --> UTF-8 Support Enabled
DEBUG - 2017-07-17 17:44:47 --> Global POST, GET and COOKIE data sanitized
DEBUG - 2017-07-17 17:45:05 --> UTF-8 Support Enabled
DEBUG - 2017-07-17 17:45:06 --> Global POST, GET and COOKIE data sanitized
DEBUG - 2017-07-17 17:45:19 --> UTF-8 Support Enabled
DEBUG - 2017-07-17 17:45:19 --> Global POST, GET and COOKIE data sanitized
DEBUG - 2017-07-17 17:46:27 --> UTF-8 Support Enabled
DEBUG - 2017-07-17 17:46:27 --> Global POST, GET and COOKIE data sanitized
DEBUG - 2017-07-17 17:46:47 --> UTF-8 Support Enabled
DEBUG - 2017-07-17 17:46:47 --> Global POST, GET and COOKIE data sanitized
DEBUG - 2017-07-17 17:47:19 --> UTF-8 Support Enabled
DEBUG - 2017-07-17 17:47:19 --> Global POST, GET and COOKIE data sanitized
DEBUG - 2017-07-17 17:48:00 --> UTF-8 Support Enabled
DEBUG - 2017-07-17 17:48:01 --> Global POST, GET and COOKIE data sanitized
DEBUG - 2017-07-17 17:48:23 --> UTF-8 Support Enabled
DEBUG - 2017-07-17 17:48:23 --> Global POST, GET and COOKIE data sanitized
DEBUG - 2017-07-17 17:48:42 --> UTF-8 Support Enabled
DEBUG - 2017-07-17 17:48:43 --> Global POST, GET and COOKIE data sanitized
DEBUG - 2017-07-17 17:49:01 --> UTF-8 Support Enabled
DEBUG - 2017-07-17 17:49:01 --> Global POST, GET and COOKIE data sanitized
DEBUG - 2017-07-17 17:49:25 --> UTF-8 Support Enabled
DEBUG - 2017-07-17 17:49:25 --> Global POST, GET and COOKIE data sanitized
DEBUG - 2017-07-17 17:49:50 --> UTF-8 Support Enabled
DEBUG - 2017-07-17 17:49:50 --> Global POST, GET and COOKIE data sanitized
DEBUG - 2017-07-17 17:50:08 --> UTF-8 Support Enabled
DEBUG - 2017-07-17 17:50:08 --> Global POST, GET and COOKIE data sanitized
DEBUG - 2017-07-17 17:50:24 --> UTF-8 Support Enabled
DEBUG - 2017-07-17 17:50:24 --> Global POST, GET and COOKIE data sanitized
DEBUG - 2017-07-17 17:50:35 --> UTF-8 Support Enabled
DEBUG - 2017-07-17 17:50:35 --> Global POST, GET and COOKIE data sanitized
DEBUG - 2017-07-17 17:51:43 --> UTF-8 Support Enabled
DEBUG - 2017-07-17 17:51:43 --> Global POST, GET and COOKIE data sanitized
DEBUG - 2017-07-17 17:52:27 --> UTF-8 Support Enabled
DEBUG - 2017-07-17 17:52:27 --> Global POST, GET and COOKIE data sanitized
DEBUG - 2017-07-17 17:53:07 --> UTF-8 Support Enabled
DEBUG - 2017-07-17 17:53:07 --> Global POST, GET and COOKIE data sanitized
DEBUG - 2017-07-17 17:53:09 --> UTF-8 Support Enabled
DEBUG - 2017-07-17 17:53:09 --> Global POST, GET and COOKIE data sanitized
DEBUG - 2017-07-17 17:53:10 --> UTF-8 Support Enabled
DEBUG - 2017-07-17 17:53:10 --> Global POST, GET and COOKIE data sanitized
DEBUG - 2017-07-17 17:53:12 --> UTF-8 Support Enabled
DEBUG - 2017-07-17 17:53:12 --> Global POST, GET and COOKIE data sanitized
DEBUG - 2017-07-17 17:53:13 --> UTF-8 Support Enabled
DEBUG - 2017-07-17 17:53:13 --> Global POST, GET and COOKIE data sanitized
DEBUG - 2017-07-17 17:53:14 --> UTF-8 Support Enabled
DEBUG - 2017-07-17 17:53:14 --> Global POST, GET and COOKIE data sanitized
DEBUG - 2017-07-17 17:53:15 --> UTF-8 Support Enabled
DEBUG - 2017-07-17 17:53:15 --> Global POST, GET and COOKIE data sanitized
DEBUG - 2017-07-17 17:53:58 --> UTF-8 Support Enabled
DEBUG - 2017-07-17 17:53:58 --> Global POST, GET and COOKIE data sanitized
DEBUG - 2017-07-17 17:57:42 --> UTF-8 Support Enabled
DEBUG - 2017-07-17 17:57:42 --> Global POST, GET and COOKIE data sanitized
DEBUG - 2017-07-17 17:59:54 --> UTF-8 Support Enabled
DEBUG - 2017-07-17 17:59:54 --> Global POST, GET and COOKIE data sanitized
DEBUG - 2017-07-17 18:01:14 --> UTF-8 Support Enabled
DEBUG - 2017-07-17 18:01:15 --> Global POST, GET and COOKIE data sanitized
DEBUG - 2017-07-17 18:03:35 --> UTF-8 Support Enabled
DEBUG - 2017-07-17 18:03:35 --> Global POST, GET and COOKIE data sanitized
DEBUG - 2017-07-17 18:05:05 --> UTF-8 Support Enabled
DEBUG - 2017-07-17 18:05:05 --> Global POST, GET and COOKIE data sanitized
DEBUG - 2017-07-17 18:05:07 --> UTF-8 Support Enabled
DEBUG - 2017-07-17 18:05:07 --> Global POST, GET and COOKIE data sanitized
DEBUG - 2017-07-17 18:06:27 --> UTF-8 Support Enabled
DEBUG - 2017-07-17 18:06:27 --> Global POST, GET and COOKIE data sanitized
DEBUG - 2017-07-17 18:07:23 --> UTF-8 Support Enabled
DEBUG - 2017-07-17 18:07:23 --> Global POST, GET and COOKIE data sanitized
DEBUG - 2017-07-17 18:07:58 --> UTF-8 Support Enabled
DEBUG - 2017-07-17 18:07:59 --> Global POST, GET and COOKIE data sanitized
DEBUG - 2017-07-17 18:08:07 --> UTF-8 Support Enabled
DEBUG - 2017-07-17 18:08:07 --> Global POST, GET and COOKIE data sanitized
DEBUG - 2017-07-17 18:09:25 --> UTF-8 Support Enabled
DEBUG - 2017-07-17 18:09:25 --> Global POST, GET and COOKIE data sanitized
DEBUG - 2017-07-17 18:10:36 --> UTF-8 Support Enabled
DEBUG - 2017-07-17 18:10:36 --> Global POST, GET and COOKIE data sanitized
DEBUG - 2017-07-17 18:11:07 --> UTF-8 Support Enabled
DEBUG - 2017-07-17 18:11:07 --> Global POST, GET and COOKIE data sanitized
DEBUG - 2017-07-17 18:11:10 --> UTF-8 Support Enabled
DEBUG - 2017-07-17 18:11:11 --> Global POST, GET and COOKIE data sanitized
DEBUG - 2017-07-17 18:11:11 --> UTF-8 Support Enabled
DEBUG - 2017-07-17 18:11:12 --> Global POST, GET and COOKIE data sanitized
DEBUG - 2017-07-17 18:11:14 --> UTF-8 Support Enabled
DEBUG - 2017-07-17 18:11:14 --> Global POST, GET and COOKIE data sanitized
DEBUG - 2017-07-17 18:11:16 --> UTF-8 Support Enabled
DEBUG - 2017-07-17 18:11:16 --> Global POST, GET and COOKIE data sanitized
DEBUG - 2017-07-17 18:11:18 --> UTF-8 Support Enabled
DEBUG - 2017-07-17 18:11:18 --> Global POST, GET and COOKIE data sanitized
DEBUG - 2017-07-17 18:11:22 --> UTF-8 Support Enabled
DEBUG - 2017-07-17 18:11:22 --> Global POST, GET and COOKIE data sanitized
DEBUG - 2017-07-17 18:11:24 --> UTF-8 Support Enabled
DEBUG - 2017-07-17 18:11:24 --> Global POST, GET and COOKIE data sanitized
DEBUG - 2017-07-17 18:11:27 --> UTF-8 Support Enabled
DEBUG - 2017-07-17 18:11:28 --> Global POST, GET and COOKIE data sanitized
DEBUG - 2017-07-17 18:11:32 --> UTF-8 Support Enabled
DEBUG - 2017-07-17 18:11:32 --> Global POST, GET and COOKIE data sanitized
DEBUG - 2017-07-17 18:11:42 --> UTF-8 Support Enabled
DEBUG - 2017-07-17 18:11:43 --> Global POST, GET and COOKIE data sanitized
DEBUG - 2017-07-17 18:11:51 --> UTF-8 Support Enabled
DEBUG - 2017-07-17 18:11:51 --> Global POST, GET and COOKIE data sanitized
DEBUG - 2017-07-17 18:11:52 --> UTF-8 Support Enabled
DEBUG - 2017-07-17 18:11:52 --> Global POST, GET and COOKIE data sanitized
DEBUG - 2017-07-17 18:20:56 --> UTF-8 Support Enabled
DEBUG - 2017-07-17 18:20:56 --> Global POST, GET and COOKIE data sanitized
DEBUG - 2017-07-17 18:20:57 --> UTF-8 Support Enabled
DEBUG - 2017-07-17 18:20:57 --> Global POST, GET and COOKIE data sanitized
DEBUG - 2017-07-17 18:21:00 --> UTF-8 Support Enabled
DEBUG - 2017-07-17 18:21:00 --> Global POST, GET and COOKIE data sanitized
DEBUG - 2017-07-17 18:21:50 --> UTF-8 Support Enabled
DEBUG - 2017-07-17 18:21:50 --> Global POST, GET and COOKIE data sanitized
DEBUG - 2017-07-17 18:21:55 --> UTF-8 Support Enabled
DEBUG - 2017-07-17 18:21:55 --> Global POST, GET and COOKIE data sanitized
DEBUG - 2017-07-17 18:21:59 --> UTF-8 Support Enabled
DEBUG - 2017-07-17 18:21:59 --> Global POST, GET and COOKIE data sanitized
DEBUG - 2017-07-17 18:22:03 --> UTF-8 Support Enabled
DEBUG - 2017-07-17 18:22:03 --> Global POST, GET and COOKIE data sanitized
DEBUG - 2017-07-17 18:22:04 --> UTF-8 Support Enabled
DEBUG - 2017-07-17 18:22:04 --> Global POST, GET and COOKIE data sanitized
DEBUG - 2017-07-17 18:24:20 --> UTF-8 Support Enabled
DEBUG - 2017-07-17 18:24:20 --> Global POST, GET and COOKIE data sanitized
DEBUG - 2017-07-17 18:24:23 --> UTF-8 Support Enabled
DEBUG - 2017-07-17 18:24:23 --> Global POST, GET and COOKIE data sanitized
DEBUG - 2017-07-17 18:25:02 --> UTF-8 Support Enabled
DEBUG - 2017-07-17 18:25:02 --> Global POST, GET and COOKIE data sanitized
DEBUG - 2017-07-17 18:25:16 --> UTF-8 Support Enabled
DEBUG - 2017-07-17 18:25:16 --> Global POST, GET and COOKIE data sanitized
DEBUG - 2017-07-17 18:25:21 --> UTF-8 Support Enabled
DEBUG - 2017-07-17 18:25:21 --> Global POST, GET and COOKIE data sanitized
DEBUG - 2017-07-17 18:25:30 --> UTF-8 Support Enabled
DEBUG - 2017-07-17 18:25:30 --> Global POST, GET and COOKIE data sanitized
DEBUG - 2017-07-17 18:25:43 --> UTF-8 Support Enabled
DEBUG - 2017-07-17 18:25:43 --> Global POST, GET and COOKIE data sanitized
DEBUG - 2017-07-17 18:25:45 --> UTF-8 Support Enabled
DEBUG - 2017-07-17 18:25:45 --> Global POST, GET and COOKIE data sanitized
DEBUG - 2017-07-17 18:25:58 --> UTF-8 Support Enabled
DEBUG - 2017-07-17 18:25:58 --> Global POST, GET and COOKIE data sanitized
DEBUG - 2017-07-17 18:26:00 --> UTF-8 Support Enabled
DEBUG - 2017-07-17 18:26:00 --> Global POST, GET and COOKIE data sanitized
DEBUG - 2017-07-17 18:26:01 --> UTF-8 Support Enabled
DEBUG - 2017-07-17 18:26:01 --> Global POST, GET and COOKIE data sanitized
DEBUG - 2017-07-17 18:28:15 --> UTF-8 Support Enabled
DEBUG - 2017-07-17 18:28:15 --> Global POST, GET and COOKIE data sanitized
DEBUG - 2017-07-17 18:28:18 --> UTF-8 Support Enabled
DEBUG - 2017-07-17 18:28:18 --> Global POST, GET and COOKIE data sanitized
DEBUG - 2017-07-17 18:28:21 --> UTF-8 Support Enabled
DEBUG - 2017-07-17 18:28:22 --> Global POST, GET and COOKIE data sanitized
DEBUG - 2017-07-17 18:29:38 --> UTF-8 Support Enabled
DEBUG - 2017-07-17 18:29:39 --> Global POST, GET and COOKIE data sanitized
DEBUG - 2017-07-17 18:29:41 --> UTF-8 Support Enabled
DEBUG - 2017-07-17 18:29:41 --> Global POST, GET and COOKIE data sanitized
DEBUG - 2017-07-17 18:30:09 --> UTF-8 Support Enabled
DEBUG - 2017-07-17 18:30:10 --> Global POST, GET and COOKIE data sanitized
DEBUG - 2017-07-17 18:30:12 --> UTF-8 Support Enabled
DEBUG - 2017-07-17 18:30:12 --> Global POST, GET and COOKIE data sanitized
DEBUG - 2017-07-17 18:30:15 --> UTF-8 Support Enabled
DEBUG - 2017-07-17 18:30:15 --> Global POST, GET and COOKIE data sanitized
DEBUG - 2017-07-17 18:30:22 --> UTF-8 Support Enabled
DEBUG - 2017-07-17 18:30:22 --> Global POST, GET and COOKIE data sanitized
DEBUG - 2017-07-17 18:30:25 --> UTF-8 Support Enabled
DEBUG - 2017-07-17 18:30:25 --> Global POST, GET and COOKIE data sanitized
DEBUG - 2017-07-17 18:30:28 --> UTF-8 Support Enabled
DEBUG - 2017-07-17 18:30:28 --> Global POST, GET and COOKIE data sanitized
DEBUG - 2017-07-17 18:30:31 --> UTF-8 Support Enabled
DEBUG - 2017-07-17 18:30:31 --> Global POST, GET and COOKIE data sanitized
DEBUG - 2017-07-17 18:30:35 --> UTF-8 Support Enabled
DEBUG - 2017-07-17 18:30:35 --> Global POST, GET and COOKIE data sanitized
DEBUG - 2017-07-17 18:30:38 --> UTF-8 Support Enabled
DEBUG - 2017-07-17 18:30:38 --> Global POST, GET and COOKIE data sanitized
DEBUG - 2017-07-17 18:30:41 --> UTF-8 Support Enabled
DEBUG - 2017-07-17 18:30:41 --> Global POST, GET and COOKIE data sanitized
DEBUG - 2017-07-17 18:30:42 --> UTF-8 Support Enabled
DEBUG - 2017-07-17 18:30:42 --> Global POST, GET and COOKIE data sanitized
DEBUG - 2017-07-17 18:30:45 --> UTF-8 Support Enabled
DEBUG - 2017-07-17 18:30:46 --> Global POST, GET and COOKIE data sanitized
DEBUG - 2017-07-17 18:30:48 --> UTF-8 Support Enabled
DEBUG - 2017-07-17 18:30:48 --> Global POST, GET and COOKIE data sanitized
DEBUG - 2017-07-17 18:30:52 --> UTF-8 Support Enabled
DEBUG - 2017-07-17 18:30:52 --> Global POST, GET and COOKIE data sanitized
DEBUG - 2017-07-17 18:31:01 --> UTF-8 Support Enabled
DEBUG - 2017-07-17 18:31:02 --> Global POST, GET and COOKIE data sanitized
DEBUG - 2017-07-17 18:31:04 --> UTF-8 Support Enabled
DEBUG - 2017-07-17 18:31:05 --> Global POST, GET and COOKIE data sanitized
DEBUG - 2017-07-17 18:31:08 --> UTF-8 Support Enabled
DEBUG - 2017-07-17 18:31:08 --> Global POST, GET and COOKIE data sanitized
DEBUG - 2017-07-17 18:31:11 --> UTF-8 Support Enabled
DEBUG - 2017-07-17 18:31:11 --> Global POST, GET and COOKIE data sanitized
DEBUG - 2017-07-17 18:31:13 --> UTF-8 Support Enabled
DEBUG - 2017-07-17 18:31:14 --> Global POST, GET and COOKIE data sanitized
DEBUG - 2017-07-17 18:32:30 --> UTF-8 Support Enabled
DEBUG - 2017-07-17 18:32:30 --> Global POST, GET and COOKIE data sanitized
DEBUG - 2017-07-17 18:32:34 --> UTF-8 Support Enabled
DEBUG - 2017-07-17 18:32:34 --> Global POST, GET and COOKIE data sanitized
DEBUG - 2017-07-17 18:32:37 --> UTF-8 Support Enabled
DEBUG - 2017-07-17 18:32:37 --> Global POST, GET and COOKIE data sanitized
DEBUG - 2017-07-17 18:32:40 --> UTF-8 Support Enabled
DEBUG - 2017-07-17 18:32:40 --> Global POST, GET and COOKIE data sanitized
DEBUG - 2017-07-17 18:32:42 --> UTF-8 Support Enabled
DEBUG - 2017-07-17 18:32:42 --> Global POST, GET and COOKIE data sanitized
DEBUG - 2017-07-17 18:34:36 --> UTF-8 Support Enabled
DEBUG - 2017-07-17 18:34:36 --> Global POST, GET and COOKIE data sanitized
DEBUG - 2017-07-17 18:34:39 --> UTF-8 Support Enabled
DEBUG - 2017-07-17 18:34:39 --> Global POST, GET and COOKIE data sanitized
DEBUG - 2017-07-17 18:34:41 --> UTF-8 Support Enabled
DEBUG - 2017-07-17 18:34:41 --> Global POST, GET and COOKIE data sanitized
DEBUG - 2017-07-17 18:34:43 --> UTF-8 Support Enabled
DEBUG - 2017-07-17 18:34:44 --> Global POST, GET and COOKIE data sanitized
DEBUG - 2017-07-17 18:34:47 --> UTF-8 Support Enabled
DEBUG - 2017-07-17 18:34:47 --> Global POST, GET and COOKIE data sanitized
DEBUG - 2017-07-17 18:34:52 --> UTF-8 Support Enabled
DEBUG - 2017-07-17 18:34:53 --> Global POST, GET and COOKIE data sanitized
DEBUG - 2017-07-17 18:35:02 --> UTF-8 Support Enabled
DEBUG - 2017-07-17 18:35:02 --> Global POST, GET and COOKIE data sanitized
DEBUG - 2017-07-17 18:35:05 --> UTF-8 Support Enabled
DEBUG - 2017-07-17 18:35:05 --> Global POST, GET and COOKIE data sanitized
DEBUG - 2017-07-17 18:35:08 --> UTF-8 Support Enabled
DEBUG - 2017-07-17 18:35:08 --> Global POST, GET and COOKIE data sanitized
DEBUG - 2017-07-17 18:35:11 --> UTF-8 Support Enabled
DEBUG - 2017-07-17 18:35:11 --> Global POST, GET and COOKIE data sanitized
DEBUG - 2017-07-17 18:37:28 --> UTF-8 Support Enabled
DEBUG - 2017-07-17 18:37:28 --> Global POST, GET and COOKIE data sanitized
DEBUG - 2017-07-17 18:38:02 --> UTF-8 Support Enabled
DEBUG - 2017-07-17 18:38:02 --> Global POST, GET and COOKIE data sanitized
DEBUG - 2017-07-17 18:38:05 --> UTF-8 Support Enabled
DEBUG - 2017-07-17 18:38:05 --> Global POST, GET and COOKIE data sanitized
DEBUG - 2017-07-17 18:38:08 --> UTF-8 Support Enabled
DEBUG - 2017-07-17 18:38:08 --> Global POST, GET and COOKIE data sanitized
DEBUG - 2017-07-17 18:38:11 --> UTF-8 Support Enabled
DEBUG - 2017-07-17 18:38:12 --> Global POST, GET and COOKIE data sanitized
DEBUG - 2017-07-17 18:38:16 --> UTF-8 Support Enabled
DEBUG - 2017-07-17 18:38:16 --> Global POST, GET and COOKIE data sanitized
DEBUG - 2017-07-17 18:39:34 --> UTF-8 Support Enabled
DEBUG - 2017-07-17 18:39:34 --> Global POST, GET and COOKIE data sanitized
DEBUG - 2017-07-17 18:39:37 --> UTF-8 Support Enabled
DEBUG - 2017-07-17 18:39:37 --> Global POST, GET and COOKIE data sanitized
DEBUG - 2017-07-17 18:39:40 --> UTF-8 Support Enabled
DEBUG - 2017-07-17 18:39:40 --> Global POST, GET and COOKIE data sanitized
DEBUG - 2017-07-17 18:39:48 --> UTF-8 Support Enabled
DEBUG - 2017-07-17 18:39:48 --> Global POST, GET and COOKIE data sanitized
DEBUG - 2017-07-17 18:39:50 --> UTF-8 Support Enabled
DEBUG - 2017-07-17 18:39:51 --> Global POST, GET and COOKIE data sanitized
DEBUG - 2017-07-17 18:39:54 --> UTF-8 Support Enabled
DEBUG - 2017-07-17 18:39:54 --> Global POST, GET and COOKIE data sanitized
DEBUG - 2017-07-17 18:39:56 --> UTF-8 Support Enabled
DEBUG - 2017-07-17 18:39:56 --> Global POST, GET and COOKIE data sanitized
DEBUG - 2017-07-17 18:43:42 --> UTF-8 Support Enabled
DEBUG - 2017-07-17 18:43:42 --> Global POST, GET and COOKIE data sanitized
DEBUG - 2017-07-17 18:44:24 --> UTF-8 Support Enabled
DEBUG - 2017-07-17 18:44:24 --> Global POST, GET and COOKIE data sanitized
DEBUG - 2017-07-17 18:45:23 --> UTF-8 Support Enabled
DEBUG - 2017-07-17 18:45:24 --> Global POST, GET and COOKIE data sanitized
DEBUG - 2017-07-17 18:46:23 --> UTF-8 Support Enabled
DEBUG - 2017-07-17 18:46:23 --> Global POST, GET and COOKIE data sanitized
DEBUG - 2017-07-17 18:46:53 --> UTF-8 Support Enabled
DEBUG - 2017-07-17 18:46:53 --> Global POST, GET and COOKIE data sanitized
DEBUG - 2017-07-17 18:47:00 --> UTF-8 Support Enabled
DEBUG - 2017-07-17 18:47:01 --> Global POST, GET and COOKIE data sanitized
DEBUG - 2017-07-17 18:47:03 --> UTF-8 Support Enabled
DEBUG - 2017-07-17 18:47:03 --> Global POST, GET and COOKIE data sanitized
DEBUG - 2017-07-17 18:47:05 --> UTF-8 Support Enabled
DEBUG - 2017-07-17 18:47:06 --> Global POST, GET and COOKIE data sanitized
DEBUG - 2017-07-17 18:47:09 --> UTF-8 Support Enabled
DEBUG - 2017-07-17 18:47:09 --> Global POST, GET and COOKIE data sanitized
DEBUG - 2017-07-17 18:47:11 --> UTF-8 Support Enabled
DEBUG - 2017-07-17 18:47:11 --> Global POST, GET and COOKIE data sanitized
DEBUG - 2017-07-17 18:48:13 --> UTF-8 Support Enabled
DEBUG - 2017-07-17 18:48:14 --> Global POST, GET and COOKIE data sanitized
DEBUG - 2017-07-17 18:48:18 --> UTF-8 Support Enabled
DEBUG - 2017-07-17 18:48:18 --> Global POST, GET and COOKIE data sanitized
DEBUG - 2017-07-17 18:48:20 --> UTF-8 Support Enabled
DEBUG - 2017-07-17 18:48:20 --> Global POST, GET and COOKIE data sanitized
DEBUG - 2017-07-17 18:48:23 --> UTF-8 Support Enabled
DEBUG - 2017-07-17 18:48:23 --> Global POST, GET and COOKIE data sanitized
DEBUG - 2017-07-17 18:48:30 --> UTF-8 Support Enabled
DEBUG - 2017-07-17 18:48:30 --> Global POST, GET and COOKIE data sanitized
DEBUG - 2017-07-17 18:49:33 --> UTF-8 Support Enabled
DEBUG - 2017-07-17 18:49:33 --> Global POST, GET and COOKIE data sanitized
DEBUG - 2017-07-17 18:49:36 --> UTF-8 Support Enabled
DEBUG - 2017-07-17 18:49:36 --> Global POST, GET and COOKIE data sanitized
DEBUG - 2017-07-17 18:49:38 --> UTF-8 Support Enabled
DEBUG - 2017-07-17 18:49:38 --> Global POST, GET and COOKIE data sanitized
DEBUG - 2017-07-17 18:49:45 --> UTF-8 Support Enabled
DEBUG - 2017-07-17 18:49:45 --> Global POST, GET and COOKIE data sanitized
DEBUG - 2017-07-17 18:49:53 --> UTF-8 Support Enabled
DEBUG - 2017-07-17 18:49:53 --> Global POST, GET and COOKIE data sanitized
DEBUG - 2017-07-17 18:50:00 --> UTF-8 Support Enabled
DEBUG - 2017-07-17 18:50:00 --> Global POST, GET and COOKIE data sanitized
DEBUG - 2017-07-17 18:50:13 --> UTF-8 Support Enabled
DEBUG - 2017-07-17 18:50:13 --> Global POST, GET and COOKIE data sanitized
DEBUG - 2017-07-17 18:50:26 --> UTF-8 Support Enabled
DEBUG - 2017-07-17 18:50:26 --> Global POST, GET and COOKIE data sanitized
DEBUG - 2017-07-17 18:50:29 --> UTF-8 Support Enabled
DEBUG - 2017-07-17 18:50:29 --> Global POST, GET and COOKIE data sanitized
DEBUG - 2017-07-17 18:50:32 --> UTF-8 Support Enabled
DEBUG - 2017-07-17 18:50:32 --> Global POST, GET and COOKIE data sanitized
DEBUG - 2017-07-17 18:52:23 --> UTF-8 Support Enabled
DEBUG - 2017-07-17 18:52:24 --> Global POST, GET and COOKIE data sanitized
DEBUG - 2017-07-17 18:52:26 --> UTF-8 Support Enabled
DEBUG - 2017-07-17 18:52:26 --> Global POST, GET and COOKIE data sanitized
DEBUG - 2017-07-17 18:52:29 --> UTF-8 Support Enabled
DEBUG - 2017-07-17 18:52:30 --> Global POST, GET and COOKIE data sanitized
DEBUG - 2017-07-17 18:52:35 --> UTF-8 Support Enabled
DEBUG - 2017-07-17 18:52:35 --> Global POST, GET and COOKIE data sanitized
DEBUG - 2017-07-17 18:53:51 --> UTF-8 Support Enabled
DEBUG - 2017-07-17 18:53:51 --> Global POST, GET and COOKIE data sanitized
DEBUG - 2017-07-17 18:53:54 --> UTF-8 Support Enabled
DEBUG - 2017-07-17 18:53:54 --> Global POST, GET and COOKIE data sanitized
DEBUG - 2017-07-17 18:53:57 --> UTF-8 Support Enabled
DEBUG - 2017-07-17 18:53:57 --> Global POST, GET and COOKIE data sanitized
DEBUG - 2017-07-17 18:54:00 --> UTF-8 Support Enabled
DEBUG - 2017-07-17 18:54:00 --> Global POST, GET and COOKIE data sanitized
DEBUG - 2017-07-17 18:54:02 --> UTF-8 Support Enabled
DEBUG - 2017-07-17 18:54:02 --> Global POST, GET and COOKIE data sanitized
DEBUG - 2017-07-17 18:54:05 --> UTF-8 Support Enabled
DEBUG - 2017-07-17 18:54:05 --> Global POST, GET and COOKIE data sanitized
DEBUG - 2017-07-17 18:54:07 --> UTF-8 Support Enabled
DEBUG - 2017-07-17 18:54:07 --> Global POST, GET and COOKIE data sanitized
DEBUG - 2017-07-17 18:54:10 --> UTF-8 Support Enabled
DEBUG - 2017-07-17 18:54:10 --> Global POST, GET and COOKIE data sanitized
DEBUG - 2017-07-17 18:54:11 --> UTF-8 Support Enabled
DEBUG - 2017-07-17 18:54:11 --> Global POST, GET and COOKIE data sanitized
DEBUG - 2017-07-17 18:54:13 --> UTF-8 Support Enabled
DEBUG - 2017-07-17 18:54:13 --> Global POST, GET and COOKIE data sanitized
DEBUG - 2017-07-17 18:54:13 --> UTF-8 Support Enabled
DEBUG - 2017-07-17 18:54:14 --> Global POST, GET and COOKIE data sanitized
DEBUG - 2017-07-17 18:54:15 --> UTF-8 Support Enabled
DEBUG - 2017-07-17 18:54:15 --> Global POST, GET and COOKIE data sanitized
DEBUG - 2017-07-17 18:54:16 --> UTF-8 Support Enabled
DEBUG - 2017-07-17 18:54:16 --> Global POST, GET and COOKIE data sanitized
DEBUG - 2017-07-17 18:54:19 --> UTF-8 Support Enabled
DEBUG - 2017-07-17 18:54:19 --> Global POST, GET and COOKIE data sanitized
DEBUG - 2017-07-17 18:54:20 --> UTF-8 Support Enabled
DEBUG - 2017-07-17 18:54:21 --> Global POST, GET and COOKIE data sanitized
DEBUG - 2017-07-17 18:54:22 --> UTF-8 Support Enabled
DEBUG - 2017-07-17 18:54:22 --> Global POST, GET and COOKIE data sanitized
DEBUG - 2017-07-17 18:54:26 --> UTF-8 Support Enabled
DEBUG - 2017-07-17 18:54:26 --> Global POST, GET and COOKIE data sanitized
DEBUG - 2017-07-17 18:54:29 --> UTF-8 Support Enabled
DEBUG - 2017-07-17 18:54:29 --> Global POST, GET and COOKIE data sanitized
DEBUG - 2017-07-17 18:54:32 --> UTF-8 Support Enabled
DEBUG - 2017-07-17 18:54:33 --> Global POST, GET and COOKIE data sanitized
DEBUG - 2017-07-17 18:54:35 --> UTF-8 Support Enabled
DEBUG - 2017-07-17 18:54:35 --> Global POST, GET and COOKIE data sanitized
DEBUG - 2017-07-17 18:55:14 --> UTF-8 Support Enabled
DEBUG - 2017-07-17 18:55:14 --> Global POST, GET and COOKIE data sanitized
DEBUG - 2017-07-17 18:55:39 --> UTF-8 Support Enabled
DEBUG - 2017-07-17 18:55:39 --> Global POST, GET and COOKIE data sanitized
DEBUG - 2017-07-17 18:55:45 --> UTF-8 Support Enabled
DEBUG - 2017-07-17 18:55:45 --> Global POST, GET and COOKIE data sanitized
DEBUG - 2017-07-17 18:55:48 --> UTF-8 Support Enabled
DEBUG - 2017-07-17 18:55:48 --> Global POST, GET and COOKIE data sanitized
DEBUG - 2017-07-17 18:55:51 --> UTF-8 Support Enabled
DEBUG - 2017-07-17 18:55:51 --> Global POST, GET and COOKIE data sanitized
DEBUG - 2017-07-17 18:55:53 --> UTF-8 Support Enabled
DEBUG - 2017-07-17 18:55:53 --> Global POST, GET and COOKIE data sanitized
DEBUG - 2017-07-17 18:55:55 --> UTF-8 Support Enabled
DEBUG - 2017-07-17 18:55:55 --> Global POST, GET and COOKIE data sanitized
DEBUG - 2017-07-17 18:55:58 --> UTF-8 Support Enabled
DEBUG - 2017-07-17 18:55:59 --> Global POST, GET and COOKIE data sanitized
DEBUG - 2017-07-17 18:56:01 --> UTF-8 Support Enabled
DEBUG - 2017-07-17 18:56:01 --> Global POST, GET and COOKIE data sanitized
DEBUG - 2017-07-17 18:56:04 --> UTF-8 Support Enabled
DEBUG - 2017-07-17 18:56:04 --> Global POST, GET and COOKIE data sanitized
DEBUG - 2017-07-17 18:56:06 --> UTF-8 Support Enabled
DEBUG - 2017-07-17 18:56:07 --> Global POST, GET and COOKIE data sanitized
DEBUG - 2017-07-17 18:56:10 --> UTF-8 Support Enabled
DEBUG - 2017-07-17 18:56:10 --> Global POST, GET and COOKIE data sanitized
DEBUG - 2017-07-17 18:56:13 --> UTF-8 Support Enabled
DEBUG - 2017-07-17 18:56:13 --> Global POST, GET and COOKIE data sanitized
DEBUG - 2017-07-17 18:56:17 --> UTF-8 Support Enabled
DEBUG - 2017-07-17 18:56:17 --> Global POST, GET and COOKIE data sanitized
DEBUG - 2017-07-17 18:56:20 --> UTF-8 Support Enabled
DEBUG - 2017-07-17 18:56:20 --> Global POST, GET and COOKIE data sanitized
DEBUG - 2017-07-17 19:02:12 --> UTF-8 Support Enabled
DEBUG - 2017-07-17 19:02:13 --> Global POST, GET and COOKIE data sanitized
DEBUG - 2017-07-17 19:03:30 --> UTF-8 Support Enabled
DEBUG - 2017-07-17 19:03:31 --> Global POST, GET and COOKIE data sanitized
DEBUG - 2017-07-17 19:03:37 --> UTF-8 Support Enabled
DEBUG - 2017-07-17 19:03:37 --> Global POST, GET and COOKIE data sanitized
DEBUG - 2017-07-17 19:04:02 --> UTF-8 Support Enabled
DEBUG - 2017-07-17 19:04:02 --> Global POST, GET and COOKIE data sanitized
DEBUG - 2017-07-17 19:04:26 --> UTF-8 Support Enabled
DEBUG - 2017-07-17 19:04:26 --> Global POST, GET and COOKIE data sanitized
DEBUG - 2017-07-17 19:05:08 --> UTF-8 Support Enabled
DEBUG - 2017-07-17 19:05:09 --> Global POST, GET and COOKIE data sanitized
DEBUG - 2017-07-17 19:05:14 --> UTF-8 Support Enabled
DEBUG - 2017-07-17 19:05:15 --> Global POST, GET and COOKIE data sanitized
DEBUG - 2017-07-17 19:05:48 --> UTF-8 Support Enabled
DEBUG - 2017-07-17 19:05:49 --> Global POST, GET and COOKIE data sanitized
DEBUG - 2017-07-17 19:05:54 --> UTF-8 Support Enabled
DEBUG - 2017-07-17 19:05:54 --> Global POST, GET and COOKIE data sanitized
DEBUG - 2017-07-17 19:10:56 --> UTF-8 Support Enabled
DEBUG - 2017-07-17 19:10:56 --> Global POST, GET and COOKIE data sanitized
DEBUG - 2017-07-17 19:11:01 --> UTF-8 Support Enabled
DEBUG - 2017-07-17 19:11:02 --> Global POST, GET and COOKIE data sanitized
DEBUG - 2017-07-17 19:13:40 --> UTF-8 Support Enabled
DEBUG - 2017-07-17 19:13:40 --> Global POST, GET and COOKIE data sanitized
DEBUG - 2017-07-17 19:14:35 --> UTF-8 Support Enabled
DEBUG - 2017-07-17 19:14:35 --> Global POST, GET and COOKIE data sanitized
DEBUG - 2017-07-17 19:16:06 --> UTF-8 Support Enabled
DEBUG - 2017-07-17 19:16:07 --> Global POST, GET and COOKIE data sanitized
DEBUG - 2017-07-17 19:19:25 --> UTF-8 Support Enabled
DEBUG - 2017-07-17 19:19:26 --> Global POST, GET and COOKIE data sanitized
DEBUG - 2017-07-17 19:20:32 --> UTF-8 Support Enabled
DEBUG - 2017-07-17 19:20:32 --> Global POST, GET and COOKIE data sanitized
DEBUG - 2017-07-17 19:21:50 --> UTF-8 Support Enabled
DEBUG - 2017-07-17 19:21:51 --> Global POST, GET and COOKIE data sanitized
DEBUG - 2017-07-17 19:22:48 --> UTF-8 Support Enabled
DEBUG - 2017-07-17 19:22:48 --> Global POST, GET and COOKIE data sanitized
DEBUG - 2017-07-17 19:24:27 --> UTF-8 Support Enabled
DEBUG - 2017-07-17 19:24:27 --> Global POST, GET and COOKIE data sanitized
DEBUG - 2017-07-17 19:25:41 --> UTF-8 Support Enabled
DEBUG - 2017-07-17 19:25:41 --> Global POST, GET and COOKIE data sanitized
DEBUG - 2017-07-17 19:26:25 --> UTF-8 Support Enabled
DEBUG - 2017-07-17 19:26:25 --> Global POST, GET and COOKIE data sanitized
DEBUG - 2017-07-17 19:26:51 --> UTF-8 Support Enabled
DEBUG - 2017-07-17 19:26:51 --> Global POST, GET and COOKIE data sanitized
DEBUG - 2017-07-17 19:27:17 --> UTF-8 Support Enabled
DEBUG - 2017-07-17 19:27:17 --> Global POST, GET and COOKIE data sanitized
DEBUG - 2017-07-17 19:27:40 --> UTF-8 Support Enabled
DEBUG - 2017-07-17 19:27:40 --> Global POST, GET and COOKIE data sanitized
DEBUG - 2017-07-17 19:28:02 --> UTF-8 Support Enabled
DEBUG - 2017-07-17 19:28:02 --> Global POST, GET and COOKIE data sanitized
DEBUG - 2017-07-17 19:28:28 --> UTF-8 Support Enabled
DEBUG - 2017-07-17 19:28:29 --> Global POST, GET and COOKIE data sanitized
DEBUG - 2017-07-17 19:28:45 --> UTF-8 Support Enabled
DEBUG - 2017-07-17 19:28:46 --> Global POST, GET and COOKIE data sanitized
DEBUG - 2017-07-17 19:29:38 --> UTF-8 Support Enabled
DEBUG - 2017-07-17 19:29:38 --> Global POST, GET and COOKIE data sanitized
DEBUG - 2017-07-17 19:29:44 --> UTF-8 Support Enabled
DEBUG - 2017-07-17 19:29:44 --> Global POST, GET and COOKIE data sanitized
DEBUG - 2017-07-17 19:29:51 --> UTF-8 Support Enabled
DEBUG - 2017-07-17 19:29:51 --> Global POST, GET and COOKIE data sanitized
DEBUG - 2017-07-17 19:29:53 --> UTF-8 Support Enabled
DEBUG - 2017-07-17 19:29:54 --> Global POST, GET and COOKIE data sanitized
DEBUG - 2017-07-17 19:29:56 --> UTF-8 Support Enabled
DEBUG - 2017-07-17 19:29:56 --> Global POST, GET and COOKIE data sanitized
DEBUG - 2017-07-17 19:32:45 --> UTF-8 Support Enabled
DEBUG - 2017-07-17 19:32:45 --> Global POST, GET and COOKIE data sanitized
DEBUG - 2017-07-17 19:34:07 --> UTF-8 Support Enabled
DEBUG - 2017-07-17 19:34:07 --> Global POST, GET and COOKIE data sanitized
DEBUG - 2017-07-17 19:55:10 --> UTF-8 Support Enabled
DEBUG - 2017-07-17 19:55:10 --> Global POST, GET and COOKIE data sanitized
DEBUG - 2017-07-17 20:17:31 --> UTF-8 Support Enabled
DEBUG - 2017-07-17 20:17:32 --> Global POST, GET and COOKIE data sanitized
DEBUG - 2017-07-17 22:55:20 --> UTF-8 Support Enabled
DEBUG - 2017-07-17 22:55:20 --> Global POST, GET and COOKIE data sanitized
DEBUG - 2017-07-17 22:55:21 --> UTF-8 Support Enabled
DEBUG - 2017-07-17 22:55:21 --> Global POST, GET and COOKIE data sanitized
ERROR - 2017-07-17 22:55:21 --> 404 Page Not Found: Faviconico/index
DEBUG - 2017-07-17 22:57:16 --> UTF-8 Support Enabled
DEBUG - 2017-07-17 22:57:16 --> Global POST, GET and COOKIE data sanitized
DEBUG - 2017-07-17 22:57:28 --> UTF-8 Support Enabled
DEBUG - 2017-07-17 22:57:28 --> Global POST, GET and COOKIE data sanitized
DEBUG - 2017-07-17 23:10:57 --> UTF-8 Support Enabled
DEBUG - 2017-07-17 23:10:57 --> Global POST, GET and COOKIE data sanitized
DEBUG - 2017-07-17 23:11:09 --> UTF-8 Support Enabled
DEBUG - 2017-07-17 23:11:09 --> Global POST, GET and COOKIE data sanitized
DEBUG - 2017-07-17 23:11:26 --> UTF-8 Support Enabled
DEBUG - 2017-07-17 23:11:26 --> Global POST, GET and COOKIE data sanitized
DEBUG - 2017-07-17 23:11:49 --> UTF-8 Support Enabled
DEBUG - 2017-07-17 23:11:49 --> Global POST, GET and COOKIE data sanitized
DEBUG - 2017-07-17 23:12:22 --> UTF-8 Support Enabled
DEBUG - 2017-07-17 23:12:22 --> Global POST, GET and COOKIE data sanitized
DEBUG - 2017-07-17 23:52:52 --> UTF-8 Support Enabled
DEBUG - 2017-07-17 23:52:52 --> Global POST, GET and COOKIE data sanitized
DEBUG - 2017-07-17 23:53:34 --> UTF-8 Support Enabled
DEBUG - 2017-07-17 23:53:34 --> Global POST, GET and COOKIE data sanitized
ERROR - 2017-07-17 23:53:34 --> Severity: Parsing Error --> syntax error, unexpected 'public' (T_PUBLIC) /vagrant/svn_projects/php-weapp-demo/system/helpers/url_helper.php 573
DEBUG - 2017-07-17 23:53:56 --> UTF-8 Support Enabled
DEBUG - 2017-07-17 23:53:57 --> Global POST, GET and COOKIE data sanitized
DEBUG - 2017-07-17 23:55:03 --> UTF-8 Support Enabled
DEBUG - 2017-07-17 23:55:03 --> Global POST, GET and COOKIE data sanitized
DEBUG - 2017-07-17 23:59:57 --> UTF-8 Support Enabled
DEBUG - 2017-07-17 23:59:57 --> Global POST, GET and COOKIE data sanitized
ERROR - 2017-07-17 23:59:57 --> Severity: Notice --> Undefined index: encrypted_data /vagrant/svn_projects/php-weapp-demo/application/controllers/weapp/Login.php 12
ERROR - 2017-07-17 23:59:57 --> Severity: Warning --> mdecrypt_generic(): An empty string was passed /vagrant/svn_projects/php-weapp-demo/vendor/xiang1993/wechatapp-decrypt/src/decode/Prpcrypt.php 36
DEBUG - 2017-07-17 23:59:58 --> Total execution time: 1.0898
